#
# A fatal error has been detected by the Java Runtime Environment:
#
#  SIGSEGV (0xb) at pc=0x00007f40d1133a78, pid=10542, tid=10576
#
# JRE version: OpenJDK Runtime Environment (21.0.8+9) (build 21.0.8+9)
# Java VM: OpenJDK 64-Bit Server VM (21.0.8+9, mixed mode, sharing, tiered, compressed oops, compressed class ptrs, g1 gc, linux-amd64)
# Problematic frame:
# C  [libkuzu_java_native946704890984442891.so+0x27ba78]  kuzu::processor::FlatTupleIterator::resetState()+0x8
#
# Core dump will be written. Default location: Core dumps may be processed with "/usr/lib/systemd/systemd-coredump %P %u %g %s %t %c %h %d %F" (or dumping to /home/jarbear82/Documents/kotlin/CrypticTerminal/composeApp/core.10542)
#
# If you would like to submit a bug report, please visit:
#   https://bugreport.java.com/bugreport/crash.jsp
# The crash happened outside the Java Virtual Machine in native code.
# See problematic frame for where to report the bug.
#

---------------  S U M M A R Y ------------

Command Line: -Dcompose.application.configure.swing.globals=true -Dcompose.application.resources.dir=/home/jarbear82/Documents/kotlin/CrypticTerminal/composeApp/build/compose/tmp/prepareAppResources -Dfile.encoding=UTF-8 -Duser.country=US -Duser.language=en -Duser.variant com.tau.cryptic_terminal.MainKt

Host: 11th Gen Intel(R) Core(TM) i5-1135G7 @ 2.40GHz, 8 cores, 15G, Manjaro Linux
Time: Sat Sep  6 09:11:11 2025 AKDT elapsed time: 6.884311 seconds (0d 0h 0m 6s)

---------------  T H R E A D  ---------------

Current thread (0x0000773d58000fb0):  JavaThread "DefaultDispatcher-worker-3" daemon [_thread_in_native, id=10576, stack(0x00007f40d04b6000,0x00007f40d05b6000) (1024K)]

Stack: [0x00007f40d04b6000,0x00007f40d05b6000],  sp=0x00007f40d05b43a0,  free space=1016k
Native frames: (J=compiled Java code, j=interpreted, Vv=VM code, C=native code)
C  [libkuzu_java_native946704890984442891.so+0x27ba78]  kuzu::processor::FlatTupleIterator::resetState()+0x8
Java frames: (J=compiled Java code, j=interpreted, Vv=VM code)
j  com.kuzudb.Native.kuzuQueryResultResetIterator(Lcom/kuzudb/QueryResult;)V+0
j  com.kuzudb.QueryResult.resetIterator()V+5
j  com.tau.cryptic_terminal.KuzuDBService$processSingleResult$1$1.invokeSuspend(Ljava/lang/Object;)Ljava/lang/Object;+302
j  kotlin.coroutines.jvm.internal.BaseContinuationImpl.resumeWith(Ljava/lang/Object;)V+40
j  kotlinx.coroutines.DispatchedTask.run()V+301
j  kotlinx.coroutines.internal.LimitedDispatcher$Worker.run()V+9
j  kotlinx.coroutines.scheduling.TaskImpl.run()V+4
j  kotlinx.coroutines.scheduling.CoroutineScheduler.runSafely(Lkotlinx/coroutines/scheduling/Task;)V+2
j  kotlinx.coroutines.scheduling.CoroutineScheduler$Worker.executeTask(Lkotlinx/coroutines/scheduling/Task;)V+84
j  kotlinx.coroutines.scheduling.CoroutineScheduler$Worker.runWorker()V+44
j  kotlinx.coroutines.scheduling.CoroutineScheduler$Worker.run()V+1
v  ~StubRoutines::call_stub 0x00007f4137937cc6

siginfo: si_signo: 11 (SIGSEGV), si_code: 1 (SEGV_MAPERR), si_addr: 0x0000000000000020

Registers:
RAX=0x0000773d580023c0, RBX=0x0000000000000000, RCX=0x0000773d58001748, RDX=0x0000000000000042
RSP=0x00007f40d05b43a0, RBP=0x00007f40d1df2018, RSI=0x00007f40d05b4458, RDI=0x0000000000000000
R8 =0x0000000000000004, R9 =0x00000007178005f0, R10=0x0000000000000000, R11=0x00007f40d11016c0
R12=0x0000000000000000, R13=0x00007f40c848b780, R14=0x00007f40d05b4458, R15=0x0000773d58000fb0
RIP=0x00007f40d1133a78, EFLAGS=0x0000000000010246, CSGSFS=0x002b000000000033, ERR=0x0000000000000006
  TRAPNO=0x000000000000000e

XMM[0]=0x0000000000000000 0x0000000000000000
XMM[1]=0x00007f40a8087860 0x00007f40a8087850
XMM[2]=0x9000000000000007 0x611204120400726f
XMM[3]=0x0000000000000007 0x611204120400726f
XMM[4]=0x0000773d50000090 0x0000773d50000090
XMM[5]=0x0000000000000000 0x0000773d58001bc4
XMM[6]=0x0000000000000000 0x00007f40d40254f0
XMM[7]=0x0000000000000000 0x00007f40d40254f0
XMM[8]=0xcc770bcc5eb6b4c9 0x367b1d264eecb6f6
XMM[9]=0x20d0c37c20d0c37c 0x20d0c37cd64e0a6f
XMM[10]=0x0000000000000000 0x00000000b57d46f3
XMM[11]=0x957afd70957afd70 0x957afd706bc907df
XMM[12]=0x0000000000000000 0x00000000d64e0a6f
XMM[13]=0x0000000000000000 0x24b78b81b31b2519
XMM[14]=0x0000000000000000 0x000000008e639998
XMM[15]=0x0000000000000000 0x0000000000000022
  MXCSR=0x00001fa2


Register to memory mapping:

RAX=0x0000773d580023c0 points into unknown readable memory: 0x0000000000000000 | 00 00 00 00 00 00 00 00
RBX=0x0 is null
RCX=0x0000773d58001748 points into unknown readable memory: 0x00000007ffeed128 | 28 d1 ee ff 07 00 00 00
RDX=0x0000000000000042 is an unknown value
RSP=0x00007f40d05b43a0 is pointing into the stack for thread: 0x0000773d58000fb0
RBP=0x00007f40d1df2018: <offset 0x0000000000f3a018> in /tmp/libkuzu_java_native946704890984442891.so at 0x00007f40d0eb8000
RSI=0x00007f40d05b4458 is pointing into the stack for thread: 0x0000773d58000fb0
RDI=0x0 is null
R8 =0x0000000000000004 is an unknown value
R9 =0x00000007178005f0 is an oop: com.kuzudb.QueryResult 
{0x00000007178005f0} - klass: 'com/kuzudb/QueryResult'
 - ---- fields (total size 3 words):
 - 'destroyed' 'Z' @12  false (0x00)
 - 'isOwnedByCPP' 'Z' @13  false (0x00)
 - 'qr_ref' 'J' @16  131105353114560 (0x0000773d580023c0)
R10=0x0 is null
R11=0x00007f40d11016c0: _ZN4kuzu4main11QueryResult13resetIteratorEv+0x0000000000000000 in /tmp/libkuzu_java_native946704890984442891.so at 0x00007f40d0eb8000
R12=0x0 is null
R13={method} {0x00007f40c848b780} 'kuzuQueryResultResetIterator' '(Lcom/kuzudb/QueryResult;)V' in 'com/kuzudb/Native'
R14=0x00007f40d05b4458 is pointing into the stack for thread: 0x0000773d58000fb0
R15=0x0000773d58000fb0 is a thread

Top of Stack: (sp=0x00007f40d05b43a0)
0x00007f40d05b43a0:   0000773d58001368 00007f40d109887f
0x00007f40d05b43b0:   00007f40c848b780 00007f40c848b780
0x00007f40d05b43c0:   00007f40d05b4438 0000000000000000
0x00007f40d05b43d0:   00007f40c848b780 00007f4137943ac0
0x00007f40d05b43e0:   00007f40c848ee30 00007f413794375f
0x00007f40d05b43f0:   00007f40d05b43f0 00007f40c848b780
0x00007f40d05b4400:   0000000000000004 00007f40c848d8d8
0x00007f40d05b4410:   0000000000000000 0000000717dc2b38
0x00007f40d05b4420:   00007f40c848b780 0000000000000000
0x00007f40d05b4430:   00007f40d05b4458 00007f40d05b44a8
0x00007f40d05b4440:   00007f413793f180 0000000717dc2b38
0x00007f40d05b4450:   00007f4137940fd7 00000007178005f0
0x00007f40d05b4460:   00007f40d05b4460 00007f40c848ee15
0x00007f40d05b4470:   0000000000000002 00007f40c848eeb8
0x00007f40d05b4480:   0000000000000000 0000000717a699d0
0x00007f40d05b4490:   00007f40c848ee30 00007f40d05b4458
0x00007f40d05b44a0:   00007f40d05b44b8 00007f40d05b4508
0x00007f40d05b44b0:   00007f413793f180 00000007178005f0
0x00007f40d05b44c0:   00007f40d05b44c0 00007f40c85039d6
0x00007f40d05b44d0:   000000000000001e 00007f40c8504350
0x00007f40d05b44e0:   0000000000000000 000000071780baf8
0x00007f40d05b44f0:   00007f40c8503d08 00007f40d05b44b8
0x00007f40d05b4500:   00007f40d05b45f0 00007f40d05b4648
0x00007f40d05b4510:   00007f413793f2f2 0000000000000000
0x00007f40d05b4520:   0000000717884580 0000000000000000
0x00007f40d05b4530:   0000000000000000 0000000000000000
0x00007f40d05b4540:   0000000000000000 0000000000000000
0x00007f40d05b4550:   0000000000000000 0000000000000000
0x00007f40d05b4560:   0000000000000000 0000000000000000
0x00007f40d05b4570:   0000000000000000 0000000000000000
0x00007f40d05b4580:   0000000000000000 0000000000000000
0x00007f40d05b4590:   0000000000000000 000000071792b2c8 

Instructions: (pc=0x00007f40d1133a78)
0x00007f40d1133978:   48 29 d0 48 c1 f8 04 89 c0 48 39 c3 73 4a 48 89
0x00007f40d1133988:   d8 4c 8b 6d 08 89 de 48 c1 e0 04 80 3c 02 00 74
0x00007f40d1133998:   a7 4c 89 ea 48 89 ef e8 cc fa ff ff eb c2 66 2e
0x00007f40d11339a8:   0f 1f 84 00 00 00 00 00 48 8b 45 00 48 8b 40 30
0x00007f40d11339b8:   8b 34 98 48 8b 45 40 48 8b 3c d8 4c 01 ee e8 c5
0x00007f40d11339c8:   b7 e9 ff eb 9b 0f 1f 00 48 8b 55 30 48 8b 75 28
0x00007f40d11339d8:   31 c9 31 c0 48 89 d7 48 29 f7 48 c1 ff 04 48 39
0x00007f40d11339e8:   d6 74 34 0f 1f 44 00 00 48 c1 e0 04 48 01 f0 48
0x00007f40d11339f8:   8b 10 48 83 fa ff 74 14 48 83 c2 01 48 89 10 48
0x00007f40d1133a08:   3b 50 08 72 12 48 c7 00 00 00 00 00 8d 41 01 48
0x00007f40d1133a18:   89 c1 48 39 f8 72 d1 48 83 45 18 01 48 83 c4 08
0x00007f40d1133a28:   5b 5d 41 5c 41 5d c3 90 48 8b 77 20 48 8b 3f e8
0x00007f40d1133a38:   b4 e2 e9 ff 48 8b 75 20 48 8b 7d 00 48 89 45 08
0x00007f40d1133a48:   e8 83 09 ea ff 48 c7 45 18 00 00 00 00 48 89 ef
0x00007f40d1133a58:   48 89 45 10 e8 1f fc ff ff 48 83 45 20 01 e9 b0
0x00007f40d1133a68:   fe ff ff 90 0f 1f 40 00 66 0f ef c0 53 48 89 fb
0x00007f40d1133a78:   48 c7 47 20 01 00 00 00 0f 11 47 10 48 8b 3f 48
0x00007f40d1133a88:   83 7f 48 00 75 02 5b c3 31 f6 e8 59 e2 e9 ff 48
0x00007f40d1133a98:   8b 3b 31 f6 48 89 43 08 e8 2b 09 ea ff 48 89 df
0x00007f40d1133aa8:   48 89 43 10 e8 cf fb ff ff 48 8b 43 30 4c 8b 4b
0x00007f40d1133ab8:   28 48 89 c7 4c 29 cf 48 c1 ff 04 4c 39 c8 74 c6
0x00007f40d1133ac8:   48 8b 03 31 f6 66 0f 76 c0 4c 8b 40 08 48 8b 40
0x00007f40d1133ad8:   10 4c 29 c0 48 c1 f8 04 8d 50 ff 48 c1 e2 04 49
0x00007f40d1133ae8:   8d 4c 10 14 31 d2 49 83 c0 04 85 c0 74 6a 66 2e
0x00007f40d1133af8:   0f 1f 84 00 00 00 00 00 4c 89 c0 eb 14 66 66 2e
0x00007f40d1133b08:   0f 1f 84 00 00 00 00 00 48 83 c0 10 48 39 c1 74
0x00007f40d1133b18:   17 39 10 75 f3 8d 72 01 48 89 f2 48 39 fe 72 d8
0x00007f40d1133b28:   5b c3 66 0f 1f 44 00 00 48 c1 e6 04 41 0f 11 04
0x00007f40d1133b38:   31 8d 72 01 48 89 f2 48 39 fe 72 bc 5b c3 66 66
0x00007f40d1133b48:   2e 0f 1f 84 00 00 00 00 00 66 66 2e 0f 1f 84 00
0x00007f40d1133b58:   00 00 00 00 0f 1f 40 00 48 c1 e6 04 66 0f 76 c0
0x00007f40d1133b68:   41 0f 11 04 31 8d 72 01 48 89 f2 48 39 fe 72 e8 


Stack slot to memory mapping:

stack at sp + 0 slots: 0x0000773d58001368 points into unknown readable memory: 0x00007f414d8c8060 | 60 80 8c 4d 41 7f 00 00
stack at sp + 1 slots: 0x00007f40d109887f: Java_com_kuzudb_Native_kuzuQueryResultResetIterator+0x000000000000002f in /tmp/libkuzu_java_native946704890984442891.so at 0x00007f40d0eb8000
stack at sp + 2 slots: {method} {0x00007f40c848b780} 'kuzuQueryResultResetIterator' '(Lcom/kuzudb/QueryResult;)V' in 'com/kuzudb/Native'
stack at sp + 3 slots: {method} {0x00007f40c848b780} 'kuzuQueryResultResetIterator' '(Lcom/kuzudb/QueryResult;)V' in 'com/kuzudb/Native'
stack at sp + 4 slots: 0x00007f40d05b4438 is pointing into the stack for thread: 0x0000773d58000fb0
stack at sp + 5 slots: 0x0 is null
stack at sp + 6 slots: {method} {0x00007f40c848b780} 'kuzuQueryResultResetIterator' '(Lcom/kuzudb/QueryResult;)V' in 'com/kuzudb/Native'
stack at sp + 7 slots: 0x00007f4137943ac0 is at code_begin+1056 in an Interpreter codelet
native method entry point (kind = native)  [0x00007f41379436a0, 0x00007f4137944210]  2928 bytes


---------------  P R O C E S S  ---------------

Threads class SMR info:
_java_thread_list=0x0000773d580020e0, length=13, elements={
0x00007f414801b7b0, 0x00007f414815e660, 0x00007f414815fcf0, 0x00007f4148161480,
0x00007f4148162ac0, 0x00007f4148164060, 0x00007f4148165ba0, 0x00007f414816f250,
0x00007f414817b990, 0x00007f414817ec60, 0x00007f41485c6450, 0x00007f41485c6fc0,
0x0000773d58000fb0
}

Java Threads: ( => current thread )
  0x00007f414801b7b0 JavaThread "main"                              [_thread_blocked, id=10544, stack(0x00007f414c500000,0x00007f414c600000) (1024K)]
  0x00007f414815e660 JavaThread "Reference Handler"          daemon [_thread_blocked, id=10553, stack(0x00007f40d2b00000,0x00007f40d2c00000) (1024K)]
  0x00007f414815fcf0 JavaThread "Finalizer"                  daemon [_thread_blocked, id=10554, stack(0x00007f40d29ff000,0x00007f40d2aff000) (1024K)]
  0x00007f4148161480 JavaThread "Signal Dispatcher"          daemon [_thread_blocked, id=10555, stack(0x00007f40d28fe000,0x00007f40d29fe000) (1024K)]
  0x00007f4148162ac0 JavaThread "Service Thread"             daemon [_thread_blocked, id=10556, stack(0x00007f40d27fd000,0x00007f40d28fd000) (1024K)]
  0x00007f4148164060 JavaThread "Monitor Deflation Thread"   daemon [_thread_blocked, id=10557, stack(0x00007f40d26fc000,0x00007f40d27fc000) (1024K)]
  0x00007f4148165ba0 JavaThread "C2 CompilerThread0"         daemon [_thread_in_native, id=10558, stack(0x00007f40d25fb000,0x00007f40d26fb000) (1024K)]
  0x00007f414816f250 JavaThread "C1 CompilerThread0"         daemon [_thread_blocked, id=10559, stack(0x00007f40d24fa000,0x00007f40d25fa000) (1024K)]
  0x00007f414817b990 JavaThread "Notification Thread"        daemon [_thread_blocked, id=10560, stack(0x00007f40d2328000,0x00007f40d2428000) (1024K)]
  0x00007f414817ec60 JavaThread "Common-Cleaner"             daemon [_thread_blocked, id=10561, stack(0x00007f40d2227000,0x00007f40d2327000) (1024K)]
  0x00007f41485c6450 JavaThread "DefaultDispatcher-worker-1" daemon [_thread_blocked, id=10574, stack(0x00007f40d2126000,0x00007f40d2226000) (1024K)]
  0x00007f41485c6fc0 JavaThread "DefaultDispatcher-worker-2" daemon [_thread_blocked, id=10575, stack(0x00007f40d05b7000,0x00007f40d06b7000) (1024K)]
=>0x0000773d58000fb0 JavaThread "DefaultDispatcher-worker-3" daemon [_thread_in_native, id=10576, stack(0x00007f40d04b6000,0x00007f40d05b6000) (1024K)]
Total: 13

Other Threads:
  0x00007f41481554a0 VMThread "VM Thread"                           [id=10552, stack(0x00007f40d2f00000,0x00007f40d3000000) (1024K)]
  0x00007f4148143770 WatcherThread "VM Periodic Task Thread"        [id=10551, stack(0x00007f4128075000,0x00007f4128175000) (1024K)]
  0x00007f41480837f0 WorkerThread "GC Thread#0"                     [id=10545, stack(0x00007f412ae2b000,0x00007f412af2b000) (1024K)]
  0x00007f4148094560 ConcurrentGCThread "G1 Main Marker"            [id=10546, stack(0x00007f412ad2a000,0x00007f412ae2a000) (1024K)]
  0x00007f4148095510 WorkerThread "G1 Conc#0"                       [id=10548, stack(0x00007f412ac29000,0x00007f412ad29000) (1024K)]
  0x00007f4148128860 ConcurrentGCThread "G1 Refine#0"               [id=10549, stack(0x00007f41282f8000,0x00007f41283f8000) (1024K)]
  0x00007f4148129820 ConcurrentGCThread "G1 Service"                [id=10550, stack(0x00007f41281f7000,0x00007f41282f7000) (1024K)]
Total: 7

Threads with active compile tasks:
C2 CompilerThread0  6901  514       4       java.util.jar.JarFile::getEntry (35 bytes)
Total: 1

VM state: not at safepoint (normal execution)

VM Mutex/Monitor currently owned by a thread: None

Heap address: 0x0000000708a00000, size: 3958 MB, Compressed Oops mode: Zero based, Oop shift amount: 3

CDS archive(s) mapped at: [0x00007f40d3000000-0x00007f40d3ca0000-0x00007f40d3ca0000), size 13238272, SharedBaseAddress: 0x00007f40d3000000, ArchiveRelocationMode: 1.
Compressed class space mapped at: 0x00007f40d4000000-0x00007f4114000000, reserved size: 1073741824
Narrow klass base: 0x00007f40d3000000, Narrow klass shift: 0, Narrow klass range: 0x100000000

GC Precious Log:
 CardTable entry size: 512
 Card Set container configuration: InlinePtr #cards 4 size 8 Array Of Cards #cards 16 size 48 Howl #buckets 8 coarsen threshold 3686 Howl Bitmap #cards 512 size 80 coarsen threshold 460 Card regions per heap region 1 cards per card region 4096
 CPUs: 8 total, 8 available
 Memory: 15831M
 Large Page Support: Disabled
 NUMA Support: Disabled
 Compressed Oops: Enabled (Zero based)
 Heap Region Size: 2M
 Heap Min Capacity: 8M
 Heap Initial Capacity: 248M
 Heap Max Capacity: 3958M
 Pre-touch: Disabled
 Parallel Workers: 8
 Concurrent Workers: 2
 Concurrent Refinement Workers: 8
 Periodic GC: Disabled

Heap:
 garbage-first heap   total 256000K, used 9266K [0x0000000708a00000, 0x0000000800000000)
  region size 2048K, 5 young (10240K), 0 survivors (0K)
 Metaspace       used 2934K, committed 3072K, reserved 1114112K
  class space    used 258K, committed 320K, reserved 1048576K

Heap Regions: E=young(eden), S=young(survivor), O=old, HS=humongous(starts), HC=humongous(continues), CS=collection set, F=free, TAMS=top-at-mark-start, PB=parsable bottom
|   0|0x0000000708a00000, 0x0000000708a00000, 0x0000000708c00000|  0%| F|  |TAMS 0x0000000708a00000| PB 0x0000000708a00000| Untracked 
|   1|0x0000000708c00000, 0x0000000708c00000, 0x0000000708e00000|  0%| F|  |TAMS 0x0000000708c00000| PB 0x0000000708c00000| Untracked 
|   2|0x0000000708e00000, 0x0000000708e00000, 0x0000000709000000|  0%| F|  |TAMS 0x0000000708e00000| PB 0x0000000708e00000| Untracked 
|   3|0x0000000709000000, 0x0000000709000000, 0x0000000709200000|  0%| F|  |TAMS 0x0000000709000000| PB 0x0000000709000000| Untracked 
|   4|0x0000000709200000, 0x0000000709200000, 0x0000000709400000|  0%| F|  |TAMS 0x0000000709200000| PB 0x0000000709200000| Untracked 
|   5|0x0000000709400000, 0x0000000709400000, 0x0000000709600000|  0%| F|  |TAMS 0x0000000709400000| PB 0x0000000709400000| Untracked 
|   6|0x0000000709600000, 0x0000000709600000, 0x0000000709800000|  0%| F|  |TAMS 0x0000000709600000| PB 0x0000000709600000| Untracked 
|   7|0x0000000709800000, 0x0000000709800000, 0x0000000709a00000|  0%| F|  |TAMS 0x0000000709800000| PB 0x0000000709800000| Untracked 
|   8|0x0000000709a00000, 0x0000000709a00000, 0x0000000709c00000|  0%| F|  |TAMS 0x0000000709a00000| PB 0x0000000709a00000| Untracked 
|   9|0x0000000709c00000, 0x0000000709c00000, 0x0000000709e00000|  0%| F|  |TAMS 0x0000000709c00000| PB 0x0000000709c00000| Untracked 
|  10|0x0000000709e00000, 0x0000000709e00000, 0x000000070a000000|  0%| F|  |TAMS 0x0000000709e00000| PB 0x0000000709e00000| Untracked 
|  11|0x000000070a000000, 0x000000070a000000, 0x000000070a200000|  0%| F|  |TAMS 0x000000070a000000| PB 0x000000070a000000| Untracked 
|  12|0x000000070a200000, 0x000000070a200000, 0x000000070a400000|  0%| F|  |TAMS 0x000000070a200000| PB 0x000000070a200000| Untracked 
|  13|0x000000070a400000, 0x000000070a400000, 0x000000070a600000|  0%| F|  |TAMS 0x000000070a400000| PB 0x000000070a400000| Untracked 
|  14|0x000000070a600000, 0x000000070a600000, 0x000000070a800000|  0%| F|  |TAMS 0x000000070a600000| PB 0x000000070a600000| Untracked 
|  15|0x000000070a800000, 0x000000070a800000, 0x000000070aa00000|  0%| F|  |TAMS 0x000000070a800000| PB 0x000000070a800000| Untracked 
|  16|0x000000070aa00000, 0x000000070aa00000, 0x000000070ac00000|  0%| F|  |TAMS 0x000000070aa00000| PB 0x000000070aa00000| Untracked 
|  17|0x000000070ac00000, 0x000000070ac00000, 0x000000070ae00000|  0%| F|  |TAMS 0x000000070ac00000| PB 0x000000070ac00000| Untracked 
|  18|0x000000070ae00000, 0x000000070ae00000, 0x000000070b000000|  0%| F|  |TAMS 0x000000070ae00000| PB 0x000000070ae00000| Untracked 
|  19|0x000000070b000000, 0x000000070b000000, 0x000000070b200000|  0%| F|  |TAMS 0x000000070b000000| PB 0x000000070b000000| Untracked 
|  20|0x000000070b200000, 0x000000070b200000, 0x000000070b400000|  0%| F|  |TAMS 0x000000070b200000| PB 0x000000070b200000| Untracked 
|  21|0x000000070b400000, 0x000000070b400000, 0x000000070b600000|  0%| F|  |TAMS 0x000000070b400000| PB 0x000000070b400000| Untracked 
|  22|0x000000070b600000, 0x000000070b600000, 0x000000070b800000|  0%| F|  |TAMS 0x000000070b600000| PB 0x000000070b600000| Untracked 
|  23|0x000000070b800000, 0x000000070b800000, 0x000000070ba00000|  0%| F|  |TAMS 0x000000070b800000| PB 0x000000070b800000| Untracked 
|  24|0x000000070ba00000, 0x000000070ba00000, 0x000000070bc00000|  0%| F|  |TAMS 0x000000070ba00000| PB 0x000000070ba00000| Untracked 
|  25|0x000000070bc00000, 0x000000070bc00000, 0x000000070be00000|  0%| F|  |TAMS 0x000000070bc00000| PB 0x000000070bc00000| Untracked 
|  26|0x000000070be00000, 0x000000070be00000, 0x000000070c000000|  0%| F|  |TAMS 0x000000070be00000| PB 0x000000070be00000| Untracked 
|  27|0x000000070c000000, 0x000000070c000000, 0x000000070c200000|  0%| F|  |TAMS 0x000000070c000000| PB 0x000000070c000000| Untracked 
|  28|0x000000070c200000, 0x000000070c200000, 0x000000070c400000|  0%| F|  |TAMS 0x000000070c200000| PB 0x000000070c200000| Untracked 
|  29|0x000000070c400000, 0x000000070c400000, 0x000000070c600000|  0%| F|  |TAMS 0x000000070c400000| PB 0x000000070c400000| Untracked 
|  30|0x000000070c600000, 0x000000070c600000, 0x000000070c800000|  0%| F|  |TAMS 0x000000070c600000| PB 0x000000070c600000| Untracked 
|  31|0x000000070c800000, 0x000000070c800000, 0x000000070ca00000|  0%| F|  |TAMS 0x000000070c800000| PB 0x000000070c800000| Untracked 
|  32|0x000000070ca00000, 0x000000070ca00000, 0x000000070cc00000|  0%| F|  |TAMS 0x000000070ca00000| PB 0x000000070ca00000| Untracked 
|  33|0x000000070cc00000, 0x000000070cc00000, 0x000000070ce00000|  0%| F|  |TAMS 0x000000070cc00000| PB 0x000000070cc00000| Untracked 
|  34|0x000000070ce00000, 0x000000070ce00000, 0x000000070d000000|  0%| F|  |TAMS 0x000000070ce00000| PB 0x000000070ce00000| Untracked 
|  35|0x000000070d000000, 0x000000070d000000, 0x000000070d200000|  0%| F|  |TAMS 0x000000070d000000| PB 0x000000070d000000| Untracked 
|  36|0x000000070d200000, 0x000000070d200000, 0x000000070d400000|  0%| F|  |TAMS 0x000000070d200000| PB 0x000000070d200000| Untracked 
|  37|0x000000070d400000, 0x000000070d400000, 0x000000070d600000|  0%| F|  |TAMS 0x000000070d400000| PB 0x000000070d400000| Untracked 
|  38|0x000000070d600000, 0x000000070d600000, 0x000000070d800000|  0%| F|  |TAMS 0x000000070d600000| PB 0x000000070d600000| Untracked 
|  39|0x000000070d800000, 0x000000070d800000, 0x000000070da00000|  0%| F|  |TAMS 0x000000070d800000| PB 0x000000070d800000| Untracked 
|  40|0x000000070da00000, 0x000000070da00000, 0x000000070dc00000|  0%| F|  |TAMS 0x000000070da00000| PB 0x000000070da00000| Untracked 
|  41|0x000000070dc00000, 0x000000070dc00000, 0x000000070de00000|  0%| F|  |TAMS 0x000000070dc00000| PB 0x000000070dc00000| Untracked 
|  42|0x000000070de00000, 0x000000070de00000, 0x000000070e000000|  0%| F|  |TAMS 0x000000070de00000| PB 0x000000070de00000| Untracked 
|  43|0x000000070e000000, 0x000000070e000000, 0x000000070e200000|  0%| F|  |TAMS 0x000000070e000000| PB 0x000000070e000000| Untracked 
|  44|0x000000070e200000, 0x000000070e200000, 0x000000070e400000|  0%| F|  |TAMS 0x000000070e200000| PB 0x000000070e200000| Untracked 
|  45|0x000000070e400000, 0x000000070e400000, 0x000000070e600000|  0%| F|  |TAMS 0x000000070e400000| PB 0x000000070e400000| Untracked 
|  46|0x000000070e600000, 0x000000070e600000, 0x000000070e800000|  0%| F|  |TAMS 0x000000070e600000| PB 0x000000070e600000| Untracked 
|  47|0x000000070e800000, 0x000000070e800000, 0x000000070ea00000|  0%| F|  |TAMS 0x000000070e800000| PB 0x000000070e800000| Untracked 
|  48|0x000000070ea00000, 0x000000070ea00000, 0x000000070ec00000|  0%| F|  |TAMS 0x000000070ea00000| PB 0x000000070ea00000| Untracked 
|  49|0x000000070ec00000, 0x000000070ec00000, 0x000000070ee00000|  0%| F|  |TAMS 0x000000070ec00000| PB 0x000000070ec00000| Untracked 
|  50|0x000000070ee00000, 0x000000070ee00000, 0x000000070f000000|  0%| F|  |TAMS 0x000000070ee00000| PB 0x000000070ee00000| Untracked 
|  51|0x000000070f000000, 0x000000070f000000, 0x000000070f200000|  0%| F|  |TAMS 0x000000070f000000| PB 0x000000070f000000| Untracked 
|  52|0x000000070f200000, 0x000000070f200000, 0x000000070f400000|  0%| F|  |TAMS 0x000000070f200000| PB 0x000000070f200000| Untracked 
|  53|0x000000070f400000, 0x000000070f400000, 0x000000070f600000|  0%| F|  |TAMS 0x000000070f400000| PB 0x000000070f400000| Untracked 
|  54|0x000000070f600000, 0x000000070f600000, 0x000000070f800000|  0%| F|  |TAMS 0x000000070f600000| PB 0x000000070f600000| Untracked 
|  55|0x000000070f800000, 0x000000070f800000, 0x000000070fa00000|  0%| F|  |TAMS 0x000000070f800000| PB 0x000000070f800000| Untracked 
|  56|0x000000070fa00000, 0x000000070fa00000, 0x000000070fc00000|  0%| F|  |TAMS 0x000000070fa00000| PB 0x000000070fa00000| Untracked 
|  57|0x000000070fc00000, 0x000000070fc00000, 0x000000070fe00000|  0%| F|  |TAMS 0x000000070fc00000| PB 0x000000070fc00000| Untracked 
|  58|0x000000070fe00000, 0x000000070fe00000, 0x0000000710000000|  0%| F|  |TAMS 0x000000070fe00000| PB 0x000000070fe00000| Untracked 
|  59|0x0000000710000000, 0x0000000710000000, 0x0000000710200000|  0%| F|  |TAMS 0x0000000710000000| PB 0x0000000710000000| Untracked 
|  60|0x0000000710200000, 0x0000000710200000, 0x0000000710400000|  0%| F|  |TAMS 0x0000000710200000| PB 0x0000000710200000| Untracked 
|  61|0x0000000710400000, 0x0000000710400000, 0x0000000710600000|  0%| F|  |TAMS 0x0000000710400000| PB 0x0000000710400000| Untracked 
|  62|0x0000000710600000, 0x0000000710600000, 0x0000000710800000|  0%| F|  |TAMS 0x0000000710600000| PB 0x0000000710600000| Untracked 
|  63|0x0000000710800000, 0x0000000710800000, 0x0000000710a00000|  0%| F|  |TAMS 0x0000000710800000| PB 0x0000000710800000| Untracked 
|  64|0x0000000710a00000, 0x0000000710a00000, 0x0000000710c00000|  0%| F|  |TAMS 0x0000000710a00000| PB 0x0000000710a00000| Untracked 
|  65|0x0000000710c00000, 0x0000000710c00000, 0x0000000710e00000|  0%| F|  |TAMS 0x0000000710c00000| PB 0x0000000710c00000| Untracked 
|  66|0x0000000710e00000, 0x0000000710e00000, 0x0000000711000000|  0%| F|  |TAMS 0x0000000710e00000| PB 0x0000000710e00000| Untracked 
|  67|0x0000000711000000, 0x0000000711000000, 0x0000000711200000|  0%| F|  |TAMS 0x0000000711000000| PB 0x0000000711000000| Untracked 
|  68|0x0000000711200000, 0x0000000711200000, 0x0000000711400000|  0%| F|  |TAMS 0x0000000711200000| PB 0x0000000711200000| Untracked 
|  69|0x0000000711400000, 0x0000000711400000, 0x0000000711600000|  0%| F|  |TAMS 0x0000000711400000| PB 0x0000000711400000| Untracked 
|  70|0x0000000711600000, 0x0000000711600000, 0x0000000711800000|  0%| F|  |TAMS 0x0000000711600000| PB 0x0000000711600000| Untracked 
|  71|0x0000000711800000, 0x0000000711800000, 0x0000000711a00000|  0%| F|  |TAMS 0x0000000711800000| PB 0x0000000711800000| Untracked 
|  72|0x0000000711a00000, 0x0000000711a00000, 0x0000000711c00000|  0%| F|  |TAMS 0x0000000711a00000| PB 0x0000000711a00000| Untracked 
|  73|0x0000000711c00000, 0x0000000711c00000, 0x0000000711e00000|  0%| F|  |TAMS 0x0000000711c00000| PB 0x0000000711c00000| Untracked 
|  74|0x0000000711e00000, 0x0000000711e00000, 0x0000000712000000|  0%| F|  |TAMS 0x0000000711e00000| PB 0x0000000711e00000| Untracked 
|  75|0x0000000712000000, 0x0000000712000000, 0x0000000712200000|  0%| F|  |TAMS 0x0000000712000000| PB 0x0000000712000000| Untracked 
|  76|0x0000000712200000, 0x0000000712200000, 0x0000000712400000|  0%| F|  |TAMS 0x0000000712200000| PB 0x0000000712200000| Untracked 
|  77|0x0000000712400000, 0x0000000712400000, 0x0000000712600000|  0%| F|  |TAMS 0x0000000712400000| PB 0x0000000712400000| Untracked 
|  78|0x0000000712600000, 0x0000000712600000, 0x0000000712800000|  0%| F|  |TAMS 0x0000000712600000| PB 0x0000000712600000| Untracked 
|  79|0x0000000712800000, 0x0000000712800000, 0x0000000712a00000|  0%| F|  |TAMS 0x0000000712800000| PB 0x0000000712800000| Untracked 
|  80|0x0000000712a00000, 0x0000000712a00000, 0x0000000712c00000|  0%| F|  |TAMS 0x0000000712a00000| PB 0x0000000712a00000| Untracked 
|  81|0x0000000712c00000, 0x0000000712c00000, 0x0000000712e00000|  0%| F|  |TAMS 0x0000000712c00000| PB 0x0000000712c00000| Untracked 
|  82|0x0000000712e00000, 0x0000000712e00000, 0x0000000713000000|  0%| F|  |TAMS 0x0000000712e00000| PB 0x0000000712e00000| Untracked 
|  83|0x0000000713000000, 0x0000000713000000, 0x0000000713200000|  0%| F|  |TAMS 0x0000000713000000| PB 0x0000000713000000| Untracked 
|  84|0x0000000713200000, 0x0000000713200000, 0x0000000713400000|  0%| F|  |TAMS 0x0000000713200000| PB 0x0000000713200000| Untracked 
|  85|0x0000000713400000, 0x0000000713400000, 0x0000000713600000|  0%| F|  |TAMS 0x0000000713400000| PB 0x0000000713400000| Untracked 
|  86|0x0000000713600000, 0x0000000713600000, 0x0000000713800000|  0%| F|  |TAMS 0x0000000713600000| PB 0x0000000713600000| Untracked 
|  87|0x0000000713800000, 0x0000000713800000, 0x0000000713a00000|  0%| F|  |TAMS 0x0000000713800000| PB 0x0000000713800000| Untracked 
|  88|0x0000000713a00000, 0x0000000713a00000, 0x0000000713c00000|  0%| F|  |TAMS 0x0000000713a00000| PB 0x0000000713a00000| Untracked 
|  89|0x0000000713c00000, 0x0000000713c00000, 0x0000000713e00000|  0%| F|  |TAMS 0x0000000713c00000| PB 0x0000000713c00000| Untracked 
|  90|0x0000000713e00000, 0x0000000713e00000, 0x0000000714000000|  0%| F|  |TAMS 0x0000000713e00000| PB 0x0000000713e00000| Untracked 
|  91|0x0000000714000000, 0x0000000714000000, 0x0000000714200000|  0%| F|  |TAMS 0x0000000714000000| PB 0x0000000714000000| Untracked 
|  92|0x0000000714200000, 0x0000000714200000, 0x0000000714400000|  0%| F|  |TAMS 0x0000000714200000| PB 0x0000000714200000| Untracked 
|  93|0x0000000714400000, 0x0000000714400000, 0x0000000714600000|  0%| F|  |TAMS 0x0000000714400000| PB 0x0000000714400000| Untracked 
|  94|0x0000000714600000, 0x0000000714600000, 0x0000000714800000|  0%| F|  |TAMS 0x0000000714600000| PB 0x0000000714600000| Untracked 
|  95|0x0000000714800000, 0x0000000714800000, 0x0000000714a00000|  0%| F|  |TAMS 0x0000000714800000| PB 0x0000000714800000| Untracked 
|  96|0x0000000714a00000, 0x0000000714a00000, 0x0000000714c00000|  0%| F|  |TAMS 0x0000000714a00000| PB 0x0000000714a00000| Untracked 
|  97|0x0000000714c00000, 0x0000000714c00000, 0x0000000714e00000|  0%| F|  |TAMS 0x0000000714c00000| PB 0x0000000714c00000| Untracked 
|  98|0x0000000714e00000, 0x0000000714e00000, 0x0000000715000000|  0%| F|  |TAMS 0x0000000714e00000| PB 0x0000000714e00000| Untracked 
|  99|0x0000000715000000, 0x0000000715000000, 0x0000000715200000|  0%| F|  |TAMS 0x0000000715000000| PB 0x0000000715000000| Untracked 
| 100|0x0000000715200000, 0x0000000715200000, 0x0000000715400000|  0%| F|  |TAMS 0x0000000715200000| PB 0x0000000715200000| Untracked 
| 101|0x0000000715400000, 0x0000000715400000, 0x0000000715600000|  0%| F|  |TAMS 0x0000000715400000| PB 0x0000000715400000| Untracked 
| 102|0x0000000715600000, 0x0000000715600000, 0x0000000715800000|  0%| F|  |TAMS 0x0000000715600000| PB 0x0000000715600000| Untracked 
| 103|0x0000000715800000, 0x0000000715800000, 0x0000000715a00000|  0%| F|  |TAMS 0x0000000715800000| PB 0x0000000715800000| Untracked 
| 104|0x0000000715a00000, 0x0000000715a00000, 0x0000000715c00000|  0%| F|  |TAMS 0x0000000715a00000| PB 0x0000000715a00000| Untracked 
| 105|0x0000000715c00000, 0x0000000715c00000, 0x0000000715e00000|  0%| F|  |TAMS 0x0000000715c00000| PB 0x0000000715c00000| Untracked 
| 106|0x0000000715e00000, 0x0000000715e00000, 0x0000000716000000|  0%| F|  |TAMS 0x0000000715e00000| PB 0x0000000715e00000| Untracked 
| 107|0x0000000716000000, 0x0000000716000000, 0x0000000716200000|  0%| F|  |TAMS 0x0000000716000000| PB 0x0000000716000000| Untracked 
| 108|0x0000000716200000, 0x0000000716200000, 0x0000000716400000|  0%| F|  |TAMS 0x0000000716200000| PB 0x0000000716200000| Untracked 
| 109|0x0000000716400000, 0x0000000716400000, 0x0000000716600000|  0%| F|  |TAMS 0x0000000716400000| PB 0x0000000716400000| Untracked 
| 110|0x0000000716600000, 0x0000000716600000, 0x0000000716800000|  0%| F|  |TAMS 0x0000000716600000| PB 0x0000000716600000| Untracked 
| 111|0x0000000716800000, 0x0000000716800000, 0x0000000716a00000|  0%| F|  |TAMS 0x0000000716800000| PB 0x0000000716800000| Untracked 
| 112|0x0000000716a00000, 0x0000000716a00000, 0x0000000716c00000|  0%| F|  |TAMS 0x0000000716a00000| PB 0x0000000716a00000| Untracked 
| 113|0x0000000716c00000, 0x0000000716c00000, 0x0000000716e00000|  0%| F|  |TAMS 0x0000000716c00000| PB 0x0000000716c00000| Untracked 
| 114|0x0000000716e00000, 0x0000000716e00000, 0x0000000717000000|  0%| F|  |TAMS 0x0000000716e00000| PB 0x0000000716e00000| Untracked 
| 115|0x0000000717000000, 0x0000000717000000, 0x0000000717200000|  0%| F|  |TAMS 0x0000000717000000| PB 0x0000000717000000| Untracked 
| 116|0x0000000717200000, 0x0000000717200000, 0x0000000717400000|  0%| F|  |TAMS 0x0000000717200000| PB 0x0000000717200000| Untracked 
| 117|0x0000000717400000, 0x0000000717400000, 0x0000000717600000|  0%| F|  |TAMS 0x0000000717400000| PB 0x0000000717400000| Untracked 
| 118|0x0000000717600000, 0x0000000717600000, 0x0000000717800000|  0%| F|  |TAMS 0x0000000717600000| PB 0x0000000717600000| Untracked 
| 119|0x0000000717800000, 0x00000007179e4260, 0x0000000717a00000| 94%| E|  |TAMS 0x0000000717800000| PB 0x0000000717800000| Complete 
| 120|0x0000000717a00000, 0x0000000717c00000, 0x0000000717c00000|100%| E|CS|TAMS 0x0000000717a00000| PB 0x0000000717a00000| Complete 
| 121|0x0000000717c00000, 0x0000000717e00000, 0x0000000717e00000|100%| E|CS|TAMS 0x0000000717c00000| PB 0x0000000717c00000| Complete 
| 122|0x0000000717e00000, 0x0000000718000000, 0x0000000718000000|100%| E|CS|TAMS 0x0000000717e00000| PB 0x0000000717e00000| Complete 
| 123|0x0000000718000000, 0x0000000718200000, 0x0000000718200000|100%| E|CS|TAMS 0x0000000718000000| PB 0x0000000718000000| Complete 
|1978|0x00000007ffe00000, 0x00000007fff0c800, 0x0000000800000000| 52%| O|  |TAMS 0x00000007ffe00000| PB 0x00000007ffe00000| Untracked 

Card table byte_map: [0x00007f412ed83000,0x00007f412f53e000] _byte_map_base: 0x00007f412b53e000

Marking Bits: (CMBitMap*) 0x00007f4148084320
 Bits: [0x00007f412afab000, 0x00007f412ed83000)

Polling page: 0x00007f414dd75000

Metaspace:

Usage:
  Non-class:      2.61 MB used.
      Class:    258.98 KB used.
       Both:      2.87 MB used.

Virtual space:
  Non-class space:       64.00 MB reserved,       2.69 MB (  4%) committed,  1 nodes.
      Class space:        1.00 GB reserved,     320.00 KB ( <1%) committed,  1 nodes.
             Both:        1.06 GB reserved,       3.00 MB ( <1%) committed. 

Chunk freelists:
   Non-Class:  10.72 MB
       Class:  15.59 MB
        Both:  26.31 MB

MaxMetaspaceSize: unlimited
CompressedClassSpaceSize: 1.00 GB
Initial GC threshold: 21.00 MB
Current GC threshold: 21.00 MB
CDS: on
 - commit_granule_bytes: 65536.
 - commit_granule_words: 8192.
 - virtual_space_node_default_size: 8388608.
 - enlarge_chunks_in_place: 1.
 - use_allocation_guard: 0.


Internal statistics:

num_allocs_failed_limit: 0.
num_arena_births: 42.
num_arena_deaths: 0.
num_vsnodes_births: 2.
num_vsnodes_deaths: 0.
num_space_committed: 48.
num_space_uncommitted: 0.
num_chunks_returned_to_freelist: 0.
num_chunks_taken_from_freelist: 104.
num_chunk_merges: 0.
num_chunk_splits: 73.
num_chunks_enlarged: 60.
num_inconsistent_stats: 0.

CodeHeap 'non-profiled nmethods': size=120028Kb used=186Kb max_used=186Kb free=119841Kb
 bounds [0x00007f4137ec9000, 0x00007f4138139000, 0x00007f413f400000]
CodeHeap 'profiled nmethods': size=120028Kb used=767Kb max_used=767Kb free=119260Kb
 bounds [0x00007f4130400000, 0x00007f4130670000, 0x00007f4137937000]
CodeHeap 'non-nmethods': size=5704Kb used=1442Kb max_used=1459Kb free=4261Kb
 bounds [0x00007f4137937000, 0x00007f4137ba7000, 0x00007f4137ec9000]
CodeCache: size=245760Kb, used=2395Kb, max_used=2412Kb, free=243362Kb
 total_blobs=980, nmethods=523, adapters=363, full_count=0
Compilation: enabled, stopped_count=0, restarted_count=0

Compilation events (20 events):
Event: 6.869 Thread 0x00007f414816f250 nmethod 509 0x00007f41304b8d90 code [0x00007f41304b8f20, 0x00007f41304b9010]
Event: 6.869 Thread 0x00007f414816f250  510       3       java.lang.ref.SoftReference::get (29 bytes)
Event: 6.869 Thread 0x00007f414816f250 nmethod 510 0x00007f41304b9090 code [0x00007f41304b9220, 0x00007f41304b93d8]
Event: 6.869 Thread 0x00007f414816f250  513       3       java.security.CodeSource::getCertificates (95 bytes)
Event: 6.870 Thread 0x00007f4148165ba0 nmethod 496 0x00007f4137ef3b10 code [0x00007f4137ef3d60, 0x00007f4137ef4698]
Event: 6.870 Thread 0x00007f4148165ba0  497   !   4       java.util.zip.ZipFile::getEntry (59 bytes)
Event: 6.870 Thread 0x00007f414816f250 nmethod 513 0x00007f41304b9490 code [0x00007f41304b9700, 0x00007f41304ba258]
Event: 6.871 Thread 0x00007f414816f250  515       3       java.util.jar.Attributes::getValue (9 bytes)
Event: 6.871 Thread 0x00007f414816f250 nmethod 515 0x00007f41304ba510 code [0x00007f41304ba6c0, 0x00007f41304ba9e0]
Event: 6.871 Thread 0x00007f414816f250  516       3       java.util.jar.Attributes::get (11 bytes)
Event: 6.871 Thread 0x00007f414816f250 nmethod 516 0x00007f41304bab10 code [0x00007f41304bacc0, 0x00007f41304bae98]
Event: 6.875 Thread 0x00007f414816f250  518       3       java.util.WeakHashMap::put (160 bytes)
Event: 6.876 Thread 0x00007f414816f250 nmethod 518 0x00007f41304baf90 code [0x00007f41304bb220, 0x00007f41304bc1d0]
Event: 6.876 Thread 0x00007f414816f250  519       3       java.util.WeakHashMap$Entry::<init> (24 bytes)
Event: 6.877 Thread 0x00007f414816f250 nmethod 519 0x00007f41304bc710 code [0x00007f41304bc8e0, 0x00007f41304bccd8]
Event: 6.877 Thread 0x00007f414816f250  520       3       java.lang.String::equalsIgnoreCase (45 bytes)
Event: 6.877 Thread 0x00007f414816f250 nmethod 520 0x00007f41304bce10 code [0x00007f41304bd000, 0x00007f41304bd520]
Event: 6.877 Thread 0x00007f414816f250  521   !   3       jdk.internal.ref.PhantomCleanable::remove (60 bytes)
Event: 6.877 Thread 0x00007f414816f250 nmethod 521 0x00007f41304bd710 code [0x00007f41304bd8e0, 0x00007f41304bdd28]
Event: 6.877 Thread 0x00007f414816f250  522   !   3       java.util.zip.ZipCoder$UTF8ZipCoder::compare (81 bytes)

GC Heap History (0 events):
No events

Dll operation events (7 events):
Event: 0.002 Loaded shared library /usr/lib/jvm/java-21-openjdk/lib/libjava.so
Event: 0.050 Loaded shared library /usr/lib/jvm/java-21-openjdk/lib/libjsvml.so
Event: 0.067 Loaded shared library /usr/lib/jvm/java-21-openjdk/lib/libnio.so
Event: 0.071 Loaded shared library /usr/lib/jvm/java-21-openjdk/lib/libzip.so
Event: 0.300 Loaded shared library /usr/lib/jvm/java-21-openjdk/lib/libnet.so
Event: 0.301 Loaded shared library /usr/lib/jvm/java-21-openjdk/lib/libjimage.so
Event: 0.552 Loaded shared library /tmp/libkuzu_java_native946704890984442891.so

Deoptimization events (20 events):
Event: 0.116 Thread 0x00007f414801b7b0 DEOPT PACKING pc=0x00007f413040580d sp=0x00007f414c5f96c0
Event: 0.116 Thread 0x00007f414801b7b0 DEOPT UNPACKING pc=0x00007f413798f14f sp=0x00007f414c5f8b58 mode 0
Event: 0.117 Thread 0x00007f414801b7b0 DEOPT PACKING pc=0x00007f413040580d sp=0x00007f414c5f96c0
Event: 0.117 Thread 0x00007f414801b7b0 DEOPT UNPACKING pc=0x00007f413798f14f sp=0x00007f414c5f8b58 mode 0
Event: 0.117 Thread 0x00007f414801b7b0 DEOPT PACKING pc=0x00007f413040580d sp=0x00007f414c5f96c0
Event: 0.117 Thread 0x00007f414801b7b0 DEOPT UNPACKING pc=0x00007f413798f14f sp=0x00007f414c5f8b58 mode 0
Event: 0.117 Thread 0x00007f414801b7b0 DEOPT PACKING pc=0x00007f413040580d sp=0x00007f414c5f96c0
Event: 0.117 Thread 0x00007f414801b7b0 DEOPT UNPACKING pc=0x00007f413798f14f sp=0x00007f414c5f8b58 mode 0
Event: 0.122 Thread 0x00007f414801b7b0 DEOPT PACKING pc=0x00007f413040580d sp=0x00007f414c5f9650
Event: 0.122 Thread 0x00007f414801b7b0 DEOPT UNPACKING pc=0x00007f413798f14f sp=0x00007f414c5f8ae8 mode 0
Event: 0.123 Thread 0x00007f414801b7b0 DEOPT PACKING pc=0x00007f413040580d sp=0x00007f414c5f96c0
Event: 0.123 Thread 0x00007f414801b7b0 DEOPT UNPACKING pc=0x00007f413798f14f sp=0x00007f414c5f8b58 mode 0
Event: 0.123 Thread 0x00007f414801b7b0 DEOPT PACKING pc=0x00007f413040580d sp=0x00007f414c5f96c0
Event: 0.123 Thread 0x00007f414801b7b0 DEOPT UNPACKING pc=0x00007f413798f14f sp=0x00007f414c5f8b58 mode 0
Event: 0.150 Thread 0x00007f414801b7b0 DEOPT PACKING pc=0x00007f413040644d sp=0x00007f414c5fbf00
Event: 0.150 Thread 0x00007f414801b7b0 DEOPT UNPACKING pc=0x00007f413798f14f sp=0x00007f414c5fb3a8 mode 0
Event: 0.193 Thread 0x00007f414801b7b0 DEOPT PACKING pc=0x00007f4130411cc8 sp=0x00007f414c5fa770
Event: 0.193 Thread 0x00007f414801b7b0 DEOPT UNPACKING pc=0x00007f413798f14f sp=0x00007f414c5f9bb0 mode 0
Event: 0.219 Thread 0x00007f414801b7b0 DEOPT PACKING pc=0x00007f4130402a49 sp=0x00007f414c5f90f0
Event: 0.219 Thread 0x00007f414801b7b0 DEOPT UNPACKING pc=0x00007f413798f14f sp=0x00007f414c5f8578 mode 0

Classes loaded (20 events):
Event: 0.309 Loading class sun/nio/ch/IOStatus
Event: 0.309 Loading class sun/nio/ch/IOStatus done
Event: 0.549 Loading class java/io/DeleteOnExitHook
Event: 0.549 Loading class java/io/DeleteOnExitHook done
Event: 0.549 Loading class java/io/DeleteOnExitHook$1
Event: 0.549 Loading class java/io/DeleteOnExitHook$1 done
Event: 0.556 Loading class java/math/BigDecimal
Event: 0.557 Loading class java/math/BigDecimal done
Event: 0.558 Loading class java/util/UUID
Event: 0.558 Loading class java/util/UUID done
Event: 0.601 Loading class sun/nio/cs/UTF_8$Decoder
Event: 0.601 Loading class java/nio/charset/CharsetDecoder
Event: 0.601 Loading class java/nio/charset/CharsetDecoder done
Event: 0.601 Loading class sun/nio/cs/UTF_8$Decoder done
Event: 6.836 Loading class java/lang/NumberFormatException
Event: 6.836 Loading class java/lang/NumberFormatException done
Event: 6.847 Loading class java/util/concurrent/CancellationException
Event: 6.847 Loading class java/util/concurrent/CancellationException done
Event: 6.854 Loading class java/lang/Thread$ThreadNumbering
Event: 6.854 Loading class java/lang/Thread$ThreadNumbering done

Classes unloaded (0 events):
No events

Classes redefined (0 events):
No events

Internal exceptions (1 events):
Event: 0.222 Thread 0x00007f414801b7b0 Exception <a 'java/lang/NoSuchMethodError'{0x0000000717d6d5c0}: 'java.lang.Object java.lang.invoke.DirectMethodHandle$Holder.invokeStaticInit(java.lang.Object, java.lang.Object, java.lang.Object)'> (0x0000000717d6d5c0) 
thrown [/usr/src/debug/java21-openjdk/jdk21u-jdk-21.0.8-9/src/hotspot/share/interpreter/linkResolver.cpp, line 772]

ZGC Phase Switch (0 events):
No events

VM Operations (4 events):
Event: 0.306 Executing VM operation: HandshakeAllThreads (Deoptimize)
Event: 0.306 Executing VM operation: HandshakeAllThreads (Deoptimize) done
Event: 1.306 Executing VM operation: Cleanup
Event: 1.306 Executing VM operation: Cleanup done

Memory protections (14 events):
Event: 0.001 Protecting memory [0x00007f414c500000,0x00007f414c504000] with protection modes 0
Event: 0.045 Protecting memory [0x00007f40d2b00000,0x00007f40d2b04000] with protection modes 0
Event: 0.046 Protecting memory [0x00007f40d29ff000,0x00007f40d2a03000] with protection modes 0
Event: 0.046 Protecting memory [0x00007f40d28fe000,0x00007f40d2902000] with protection modes 0
Event: 0.046 Protecting memory [0x00007f40d27fd000,0x00007f40d2801000] with protection modes 0
Event: 0.046 Protecting memory [0x00007f40d26fc000,0x00007f40d2700000] with protection modes 0
Event: 0.047 Protecting memory [0x00007f40d25fb000,0x00007f40d25ff000] with protection modes 0
Event: 0.047 Protecting memory [0x00007f40d24fa000,0x00007f40d24fe000] with protection modes 0
Event: 0.063 Protecting memory [0x00007f40d2328000,0x00007f40d232c000] with protection modes 0
Event: 0.065 Protecting memory [0x00007f40d2227000,0x00007f40d222b000] with protection modes 0
Event: 0.120 Protecting memory [0x00007f40d2126000,0x00007f40d212a000] with protection modes 0
Event: 6.855 Protecting memory [0x00007f40d2126000,0x00007f40d212a000] with protection modes 0
Event: 6.855 Protecting memory [0x00007f40d05b7000,0x00007f40d05bb000] with protection modes 0
Event: 6.856 Protecting memory [0x00007f40d04b6000,0x00007f40d04ba000] with protection modes 0

Nmethod flushes (0 events):
No events

Events (15 events):
Event: 0.026 Thread 0x00007f414801b7b0 Thread added: 0x00007f414801b7b0
Event: 0.045 Thread 0x00007f414801b7b0 Thread added: 0x00007f414815e660
Event: 0.046 Thread 0x00007f414801b7b0 Thread added: 0x00007f414815fcf0
Event: 0.046 Thread 0x00007f414801b7b0 Thread added: 0x00007f4148161480
Event: 0.046 Thread 0x00007f414801b7b0 Thread added: 0x00007f4148162ac0
Event: 0.046 Thread 0x00007f414801b7b0 Thread added: 0x00007f4148164060
Event: 0.047 Thread 0x00007f414801b7b0 Thread added: 0x00007f4148165ba0
Event: 0.047 Thread 0x00007f414801b7b0 Thread added: 0x00007f414816f250
Event: 0.063 Thread 0x00007f414801b7b0 Thread added: 0x00007f414817b990
Event: 0.065 Thread 0x00007f414801b7b0 Thread added: 0x00007f414817ec60
Event: 0.117 Thread 0x00007f4148165ba0 Thread added: 0x00007f40a80b7db0
Event: 0.552 Thread 0x00007f40a80b7db0 Thread exited: 0x00007f40a80b7db0
Event: 6.855 Thread 0x00007f414801b7b0 Thread added: 0x00007f41485c6450
Event: 6.855 Thread 0x00007f414801b7b0 Thread added: 0x00007f41485c6fc0
Event: 6.855 Thread 0x00007f41485c6450 Thread added: 0x0000773d58000fb0


Dynamic libraries:
708a00000-718200000 rw-p 00000000 00:00 0 
718200000-7ffe00000 ---p 00000000 00:00 0 
7ffe00000-7fff0d000 rw-p 00cdf000 00:1d 911575                           /usr/lib/jvm/java-21-openjdk/lib/server/classes.jsa
7fff0d000-800000000 rw-p 00000000 00:00 0 
55d87c355000-55d87c356000 r--p 00000000 00:1d 911301                     /usr/lib/jvm/java-21-openjdk/bin/java
55d87c356000-55d87c357000 r-xp 00001000 00:1d 911301                     /usr/lib/jvm/java-21-openjdk/bin/java
55d87c357000-55d87c358000 r--p 00002000 00:1d 911301                     /usr/lib/jvm/java-21-openjdk/bin/java
55d87c358000-55d87c359000 r--p 00002000 00:1d 911301                     /usr/lib/jvm/java-21-openjdk/bin/java
55d87c359000-55d87c35a000 rw-p 00003000 00:1d 911301                     /usr/lib/jvm/java-21-openjdk/bin/java
55d886504000-55d88654d000 rw-p 00000000 00:00 0                          [heap]
773d50000000-773d50087000 rw-p 00000000 00:00 0 
773d50087000-773d54000000 ---p 00000000 00:00 0 
773d58000000-773d58021000 rw-p 00000000 00:00 0 
773d58021000-773d5c000000 ---p 00000000 00:00 0 
773d5c000000-773d5c021000 rw-p 00000000 00:00 0 
773d5c021000-773d60000000 ---p 00000000 00:00 0 
773d60000000-773d6002b000 rw-p 00000000 00:00 0 
773d6002b000-773d64000000 ---p 00000000 00:00 0 
773d64000000-773d6402b000 rw-p 00000000 00:00 0 
773d6402b000-773d68000000 ---p 00000000 00:00 0 
773d68000000-773d6802b000 rw-p 00000000 00:00 0 
773d6802b000-773d6c000000 ---p 00000000 00:00 0 
773d6c000000-773d6c02b000 rw-p 00000000 00:00 0 
773d6c02b000-773d70000000 ---p 00000000 00:00 0 
773d70000000-773d7002b000 rw-p 00000000 00:00 0 
773d7002b000-773d74000000 ---p 00000000 00:00 0 
773d767fd000-773d78000000 rw-p 00000000 00:00 0 
773d78000000-7f4098000000 rw-p 00000000 00:00 0 
7f4098000000-7f4098078000 rw-p 00000000 00:00 0 
7f4098078000-7f409c000000 ---p 00000000 00:00 0 
7f409c73f000-7f409e743000 rw-p 00000000 00:00 0 
7f409e743000-7f40a0021000 rw-p 00000000 00:00 0 
7f40a0021000-7f40a4000000 ---p 00000000 00:00 0 
7f40a4000000-7f40a4021000 rw-p 00000000 00:00 0 
7f40a4021000-7f40a8000000 ---p 00000000 00:00 0 
7f40a8000000-7f40a816f000 rw-p 00000000 00:00 0 
7f40a816f000-7f40ac000000 ---p 00000000 00:00 0 
7f40ac000000-7f40ac0ad000 rw-p 00000000 00:00 0 
7f40ac0ad000-7f40b0000000 ---p 00000000 00:00 0 
7f40b0000000-7f40b0021000 rw-p 00000000 00:00 0 
7f40b0021000-7f40b4000000 ---p 00000000 00:00 0 
7f40b4000000-7f40b4021000 rw-p 00000000 00:00 0 
7f40b4021000-7f40b8000000 ---p 00000000 00:00 0 
7f40b8000000-7f40b8021000 rw-p 00000000 00:00 0 
7f40b8021000-7f40bc000000 ---p 00000000 00:00 0 
7f40bc000000-7f40bc021000 rw-p 00000000 00:00 0 
7f40bc021000-7f40c0000000 ---p 00000000 00:00 0 
7f40c0000000-7f40c0021000 rw-p 00000000 00:00 0 
7f40c0021000-7f40c4000000 ---p 00000000 00:00 0 
7f40c4000000-7f40c4021000 rw-p 00000000 00:00 0 
7f40c4021000-7f40c8000000 ---p 00000000 00:00 0 
7f40c8000000-7f40c8160000 rw-p 00000000 00:00 0 
7f40c8160000-7f40c8400000 ---p 00000000 00:00 0 
7f40c8400000-7f40c8550000 rw-p 00000000 00:00 0 
7f40c8550000-7f40cc000000 ---p 00000000 00:00 0 
7f40cc000000-7f40cc021000 rw-p 00000000 00:00 0 
7f40cc021000-7f40d0000000 ---p 00000000 00:00 0 
7f40d00e7000-7f40d04b5000 rw-p 00000000 00:00 0 
7f40d04b5000-7f40d04b6000 rw-p 00000000 00:00 0 
7f40d04b6000-7f40d04ba000 ---p 00000000 00:00 0 
7f40d04ba000-7f40d05b7000 rw-p 00000000 00:00 0 
7f40d05b7000-7f40d05bb000 ---p 00000000 00:00 0 
7f40d05bb000-7f40d0eb8000 rw-p 00000000 00:00 0 
7f40d0eb8000-7f40d0fcf000 r--p 00000000 00:27 333                        /tmp/libkuzu_java_native946704890984442891.so
7f40d0fcf000-7f40d1df2000 r-xp 00117000 00:27 333                        /tmp/libkuzu_java_native946704890984442891.so
7f40d1df2000-7f40d20e3000 r--p 00f3a000 00:27 333                        /tmp/libkuzu_java_native946704890984442891.so
7f40d20e3000-7f40d2116000 r--p 0122b000 00:27 333                        /tmp/libkuzu_java_native946704890984442891.so
7f40d2116000-7f40d2120000 rw-p 0125e000 00:27 333                        /tmp/libkuzu_java_native946704890984442891.so
7f40d2120000-7f40d2125000 rw-p 00000000 00:00 0 
7f40d2125000-7f40d2126000 rw-p 00000000 00:00 0 
7f40d2126000-7f40d212a000 ---p 00000000 00:00 0 
7f40d212a000-7f40d2227000 rw-p 00000000 00:00 0 
7f40d2227000-7f40d222b000 ---p 00000000 00:00 0 
7f40d222b000-7f40d2328000 rw-p 00000000 00:00 0 
7f40d2328000-7f40d232c000 ---p 00000000 00:00 0 
7f40d232c000-7f40d2428000 rw-p 00000000 00:00 0 
7f40d2428000-7f40d242d000 r--p 00000000 00:1d 911549                     /usr/lib/jvm/java-21-openjdk/lib/libjsvml.so
7f40d242d000-7f40d246e000 r-xp 00005000 00:1d 911549                     /usr/lib/jvm/java-21-openjdk/lib/libjsvml.so
7f40d246e000-7f40d24f7000 r--p 00046000 00:1d 911549                     /usr/lib/jvm/java-21-openjdk/lib/libjsvml.so
7f40d24f7000-7f40d24f8000 r--p 000ce000 00:1d 911549                     /usr/lib/jvm/java-21-openjdk/lib/libjsvml.so
7f40d24f8000-7f40d24f9000 rw-p 000cf000 00:1d 911549                     /usr/lib/jvm/java-21-openjdk/lib/libjsvml.so
7f40d24f9000-7f40d24fa000 rw-p 00000000 00:00 0 
7f40d24fa000-7f40d24fe000 ---p 00000000 00:00 0 
7f40d24fe000-7f40d25fb000 rw-p 00000000 00:00 0 
7f40d25fb000-7f40d25ff000 ---p 00000000 00:00 0 
7f40d25ff000-7f40d26fc000 rw-p 00000000 00:00 0 
7f40d26fc000-7f40d2700000 ---p 00000000 00:00 0 
7f40d2700000-7f40d27fd000 rw-p 00000000 00:00 0 
7f40d27fd000-7f40d2801000 ---p 00000000 00:00 0 
7f40d2801000-7f40d28fe000 rw-p 00000000 00:00 0 
7f40d28fe000-7f40d2902000 ---p 00000000 00:00 0 
7f40d2902000-7f40d29ff000 rw-p 00000000 00:00 0 
7f40d29ff000-7f40d2a03000 ---p 00000000 00:00 0 
7f40d2a03000-7f40d2b00000 rw-p 00000000 00:00 0 
7f40d2b00000-7f40d2b04000 ---p 00000000 00:00 0 
7f40d2b04000-7f40d2c00000 rw-p 00000000 00:00 0 
7f40d2c00000-7f40d2eec000 r--p 00000000 00:1d 1002694                    /usr/lib/locale/locale-archive
7f40d2eff000-7f40d3000000 rw-p 00000000 00:00 0 
7f40d3000000-7f40d3ca0000 rw-p 00001000 00:1d 911575                     /usr/lib/jvm/java-21-openjdk/lib/server/classes.jsa
7f40d3ca0000-7f40d4000000 ---p 00000000 00:00 0 
7f40d4000000-7f40d4030000 rw-p 00000000 00:00 0 
7f40d4030000-7f40d4040000 ---p 00000000 00:00 0 
7f40d4040000-7f40d4060000 rw-p 00000000 00:00 0 
7f40d4060000-7f4114000000 ---p 00000000 00:00 0 
7f4114000000-7f4114021000 rw-p 00000000 00:00 0 
7f4114021000-7f4118000000 ---p 00000000 00:00 0 
7f4118000000-7f4118021000 rw-p 00000000 00:00 0 
7f4118021000-7f411c000000 ---p 00000000 00:00 0 
7f411c000000-7f411c021000 rw-p 00000000 00:00 0 
7f411c021000-7f4120000000 ---p 00000000 00:00 0 
7f4120000000-7f4120021000 rw-p 00000000 00:00 0 
7f4120021000-7f4124000000 ---p 00000000 00:00 0 
7f4124000000-7f4124021000 rw-p 00000000 00:00 0 
7f4124021000-7f4128000000 ---p 00000000 00:00 0 
7f4128074000-7f4128175000 rw-p 00000000 00:00 0 
7f4128175000-7f41281f6000 rw-p 00000000 00:00 0 
7f41281f6000-7f41283f8000 rw-p 00000000 00:00 0 
7f41283f8000-7f412ac00000 rw-p 00000000 00:00 0 
7f412ac28000-7f412af2b000 rw-p 00000000 00:00 0 
7f412af2b000-7f412b38b000 rw-p 00000000 00:00 0 
7f412b38b000-7f412ed7b000 ---p 00000000 00:00 0 
7f412ed7b000-7f412edff000 rw-p 00000000 00:00 0 
7f412edff000-7f412f53d000 ---p 00000000 00:00 0 
7f412f53d000-7f412f5ba000 rw-p 00000000 00:00 0 
7f412f5ba000-7f412fcf8000 ---p 00000000 00:00 0 
7f412fcf8000-7f4130400000 rw-p 00000000 00:00 0 
7f4130400000-7f4130670000 rwxp 00000000 00:00 0 
7f4130670000-7f4137937000 ---p 00000000 00:00 0 
7f4137937000-7f4137ba7000 rwxp 00000000 00:00 0 
7f4137ba7000-7f4137ec9000 ---p 00000000 00:00 0 
7f4137ec9000-7f4138139000 rwxp 00000000 00:00 0 
7f4138139000-7f413f400000 ---p 00000000 00:00 0 
7f413f400000-7f4147ea9000 r--s 00000000 00:1d 911566                     /usr/lib/jvm/java-21-openjdk/lib/modules
7f4147ea9000-7f4148630000 rw-p 00000000 00:00 0 
7f4148630000-7f414c000000 ---p 00000000 00:00 0 
7f414c02a000-7f414c02f000 rw-p 00000000 00:00 0 
7f414c02f000-7f414c115000 ---p 00000000 00:00 0 
7f414c115000-7f414c11a000 rw-p 00000000 00:00 0 
7f414c11a000-7f414c200000 ---p 00000000 00:00 0 
7f414c200000-7f414c297000 r--p 00000000 00:1d 1002736                    /usr/lib/libstdc++.so.6.0.34
7f414c297000-7f414c3ec000 r-xp 00097000 00:1d 1002736                    /usr/lib/libstdc++.so.6.0.34
7f414c3ec000-7f414c47e000 r--p 001ec000 00:1d 1002736                    /usr/lib/libstdc++.so.6.0.34
7f414c47e000-7f414c48f000 r--p 0027e000 00:1d 1002736                    /usr/lib/libstdc++.so.6.0.34
7f414c48f000-7f414c490000 rw-p 0028f000 00:1d 1002736                    /usr/lib/libstdc++.so.6.0.34
7f414c490000-7f414c494000 rw-p 00000000 00:00 0 
7f414c49e000-7f414c4a5000 r--s 00000000 00:1d 1002696                    /usr/lib/gconv/gconv-modules.cache
7f414c4a5000-7f414c500000 rw-p 00000000 00:00 0 
7f414c500000-7f414c504000 ---p 00000000 00:00 0 
7f414c504000-7f414c600000 rw-p 00000000 00:00 0 
7f414c600000-7f414c610000 r--p 00000000 00:1d 911578                     /usr/lib/jvm/java-21-openjdk/lib/server/libjvm.so
7f414c610000-7f414d512000 r-xp 00010000 00:1d 911578                     /usr/lib/jvm/java-21-openjdk/lib/server/libjvm.so
7f414d512000-7f414d7eb000 r--p 00f12000 00:1d 911578                     /usr/lib/jvm/java-21-openjdk/lib/server/libjvm.so
7f414d7eb000-7f414d8c1000 r--p 011ea000 00:1d 911578                     /usr/lib/jvm/java-21-openjdk/lib/server/libjvm.so
7f414d8c1000-7f414d8f1000 rw-p 012c0000 00:1d 911578                     /usr/lib/jvm/java-21-openjdk/lib/server/libjvm.so
7f414d8f1000-7f414d957000 rw-p 00000000 00:00 0 
7f414d959000-7f414d95a000 r--p 00000000 00:1d 1002004                    /usr/lib/libpthread.so.0
7f414d95a000-7f414d95b000 r-xp 00001000 00:1d 1002004                    /usr/lib/libpthread.so.0
7f414d95b000-7f414d95c000 r--p 00002000 00:1d 1002004                    /usr/lib/libpthread.so.0
7f414d95c000-7f414d95d000 r--p 00002000 00:1d 1002004                    /usr/lib/libpthread.so.0
7f414d95d000-7f414d95e000 rw-p 00003000 00:1d 1002004                    /usr/lib/libpthread.so.0
7f414d95e000-7f414d95f000 r--p 00000000 00:1d 1001982                    /usr/lib/libdl.so.2
7f414d95f000-7f414d960000 r-xp 00001000 00:1d 1001982                    /usr/lib/libdl.so.2
7f414d960000-7f414d961000 r--p 00002000 00:1d 1001982                    /usr/lib/libdl.so.2
7f414d961000-7f414d962000 r--p 00002000 00:1d 1001982                    /usr/lib/libdl.so.2
7f414d962000-7f414d963000 rw-p 00003000 00:1d 1001982                    /usr/lib/libdl.so.2
7f414d963000-7f414d966000 r--p 00000000 00:1d 911556                     /usr/lib/jvm/java-21-openjdk/lib/libnet.so
7f414d966000-7f414d96e000 r-xp 00003000 00:1d 911556                     /usr/lib/jvm/java-21-openjdk/lib/libnet.so
7f414d96e000-7f414d970000 r--p 0000b000 00:1d 911556                     /usr/lib/jvm/java-21-openjdk/lib/libnet.so
7f414d970000-7f414d971000 r--p 0000c000 00:1d 911556                     /usr/lib/jvm/java-21-openjdk/lib/libnet.so
7f414d971000-7f414d972000 rw-p 0000d000 00:1d 911556                     /usr/lib/jvm/java-21-openjdk/lib/libnet.so
7f414d972000-7f414d9b3000 rw-p 00000000 00:00 0 
7f414d9b3000-7f414d9bd000 r--p 00000000 00:1d 911541                     /usr/lib/jvm/java-21-openjdk/lib/libjava.so
7f414d9bd000-7f414d9cb000 r-xp 0000a000 00:1d 911541                     /usr/lib/jvm/java-21-openjdk/lib/libjava.so
7f414d9cb000-7f414d9d0000 r--p 00018000 00:1d 911541                     /usr/lib/jvm/java-21-openjdk/lib/libjava.so
7f414d9d0000-7f414d9d1000 r--p 0001d000 00:1d 911541                     /usr/lib/jvm/java-21-openjdk/lib/libjava.so
7f414d9d1000-7f414d9d2000 rw-p 0001e000 00:1d 911541                     /usr/lib/jvm/java-21-openjdk/lib/libjava.so
7f414d9d2000-7f414d9d3000 rw-p 00000000 00:00 0 
7f414d9d3000-7f414d9d7000 r--p 00000000 00:1d 1002706                    /usr/lib/libgcc_s.so.1
7f414d9d7000-7f414d9fa000 r-xp 00004000 00:1d 1002706                    /usr/lib/libgcc_s.so.1
7f414d9fa000-7f414d9fe000 r--p 00027000 00:1d 1002706                    /usr/lib/libgcc_s.so.1
7f414d9fe000-7f414d9ff000 r--p 0002a000 00:1d 1002706                    /usr/lib/libgcc_s.so.1
7f414d9ff000-7f414da00000 rw-p 0002b000 00:1d 1002706                    /usr/lib/libgcc_s.so.1
7f414da00000-7f414da24000 r--p 00000000 00:1d 1001977                    /usr/lib/libc.so.6
7f414da24000-7f414db96000 r-xp 00024000 00:1d 1001977                    /usr/lib/libc.so.6
7f414db96000-7f414dc05000 r--p 00196000 00:1d 1001977                    /usr/lib/libc.so.6
7f414dc05000-7f414dc09000 r--p 00204000 00:1d 1001977                    /usr/lib/libc.so.6
7f414dc09000-7f414dc0b000 rw-p 00208000 00:1d 1001977                    /usr/lib/libc.so.6
7f414dc0b000-7f414dc13000 rw-p 00000000 00:00 0 
7f414dc17000-7f414dc1e000 r--p 00000000 00:1d 911557                     /usr/lib/jvm/java-21-openjdk/lib/libnio.so
7f414dc1e000-7f414dc27000 r-xp 00007000 00:1d 911557                     /usr/lib/jvm/java-21-openjdk/lib/libnio.so
7f414dc27000-7f414dc2b000 r--p 00010000 00:1d 911557                     /usr/lib/jvm/java-21-openjdk/lib/libnio.so
7f414dc2b000-7f414dc2c000 r--p 00014000 00:1d 911557                     /usr/lib/jvm/java-21-openjdk/lib/libnio.so
7f414dc2c000-7f414dc2d000 rw-p 00015000 00:1d 911557                     /usr/lib/jvm/java-21-openjdk/lib/libnio.so
7f414dc2d000-7f414dc3c000 r--p 00000000 00:1d 1001987                    /usr/lib/libm.so.6
7f414dc3c000-7f414dcc7000 r-xp 0000f000 00:1d 1001987                    /usr/lib/libm.so.6
7f414dcc7000-7f414dd39000 r--p 0009a000 00:1d 1001987                    /usr/lib/libm.so.6
7f414dd39000-7f414dd3a000 r--p 0010b000 00:1d 1001987                    /usr/lib/libm.so.6
7f414dd3a000-7f414dd3b000 rw-p 0010c000 00:1d 1001987                    /usr/lib/libm.so.6
7f414dd3b000-7f414dd3e000 rw-p 00000000 00:00 0 
7f414dd3e000-7f414dd41000 r--p 00000000 00:1d 9289                       /usr/lib/libz.so.1.3.1
7f414dd41000-7f414dd4f000 r-xp 00003000 00:1d 9289                       /usr/lib/libz.so.1.3.1
7f414dd4f000-7f414dd55000 r--p 00011000 00:1d 9289                       /usr/lib/libz.so.1.3.1
7f414dd55000-7f414dd56000 r--p 00017000 00:1d 9289                       /usr/lib/libz.so.1.3.1
7f414dd56000-7f414dd57000 rw-p 00018000 00:1d 9289                       /usr/lib/libz.so.1.3.1
7f414dd57000-7f414dd59000 r--p 00000000 00:1d 911565                     /usr/lib/jvm/java-21-openjdk/lib/libzip.so
7f414dd59000-7f414dd5d000 r-xp 00002000 00:1d 911565                     /usr/lib/jvm/java-21-openjdk/lib/libzip.so
7f414dd5d000-7f414dd5f000 r--p 00006000 00:1d 911565                     /usr/lib/jvm/java-21-openjdk/lib/libzip.so
7f414dd5f000-7f414dd60000 r--p 00007000 00:1d 911565                     /usr/lib/jvm/java-21-openjdk/lib/libzip.so
7f414dd60000-7f414dd61000 rw-p 00008000 00:1d 911565                     /usr/lib/jvm/java-21-openjdk/lib/libzip.so
7f414dd61000-7f414dd66000 rw-p 00000000 00:00 0 
7f414dd66000-7f414dd6d000 ---p 00000000 00:00 0 
7f414dd6d000-7f414dd75000 rw-s 00000000 00:27 331                        /tmp/hsperfdata_jarbear82/10542
7f414dd75000-7f414dd76000 ---p 00000000 00:00 0 
7f414dd76000-7f414dd77000 r--p 00000000 00:00 0 
7f414dd77000-7f414dd78000 ---p 00000000 00:00 0 
7f414dd78000-7f414dd79000 r--p 00000000 00:1d 911545                     /usr/lib/jvm/java-21-openjdk/lib/libjimage.so
7f414dd79000-7f414dd7b000 r-xp 00001000 00:1d 911545                     /usr/lib/jvm/java-21-openjdk/lib/libjimage.so
7f414dd7b000-7f414dd7c000 r--p 00003000 00:1d 911545                     /usr/lib/jvm/java-21-openjdk/lib/libjimage.so
7f414dd7c000-7f414dd7d000 r--p 00004000 00:1d 911545                     /usr/lib/jvm/java-21-openjdk/lib/libjimage.so
7f414dd7d000-7f414dd7e000 rw-p 00005000 00:1d 911545                     /usr/lib/jvm/java-21-openjdk/lib/libjimage.so
7f414dd7e000-7f414dd80000 r--p 00000000 00:1d 911546                     /usr/lib/jvm/java-21-openjdk/lib/libjli.so
7f414dd80000-7f414dd8a000 r-xp 00002000 00:1d 911546                     /usr/lib/jvm/java-21-openjdk/lib/libjli.so
7f414dd8a000-7f414dd8d000 r--p 0000c000 00:1d 911546                     /usr/lib/jvm/java-21-openjdk/lib/libjli.so
7f414dd8d000-7f414dd8e000 r--p 0000f000 00:1d 911546                     /usr/lib/jvm/java-21-openjdk/lib/libjli.so
7f414dd8e000-7f414dd8f000 rw-p 00010000 00:1d 911546                     /usr/lib/jvm/java-21-openjdk/lib/libjli.so
7f414dd8f000-7f414dd91000 rw-p 00000000 00:00 0 
7f414dd91000-7f414dd95000 r--p 00000000 00:00 0                          [vvar]
7f414dd95000-7f414dd97000 r--p 00000000 00:00 0                          [vvar_vclock]
7f414dd97000-7f414dd99000 r-xp 00000000 00:00 0                          [vdso]
7f414dd99000-7f414dd9a000 r--p 00000000 00:1d 1001968                    /usr/lib/ld-linux-x86-64.so.2
7f414dd9a000-7f414ddc4000 r-xp 00001000 00:1d 1001968                    /usr/lib/ld-linux-x86-64.so.2
7f414ddc4000-7f414ddd2000 r--p 0002b000 00:1d 1001968                    /usr/lib/ld-linux-x86-64.so.2
7f414ddd2000-7f414ddd4000 r--p 00039000 00:1d 1001968                    /usr/lib/ld-linux-x86-64.so.2
7f414ddd4000-7f414ddd5000 rw-p 0003b000 00:1d 1001968                    /usr/lib/ld-linux-x86-64.so.2
7f414ddd5000-7f414ddd6000 rw-p 00000000 00:00 0 
7fffc29f5000-7fffc2a18000 rw-p 00000000 00:00 0                          [stack]
ffffffffff600000-ffffffffff601000 --xp 00000000 00:00 0                  [vsyscall]
Total number of mappings: 237

JVMTI agents: none


VM Arguments:
jvm_args: -Dcompose.application.configure.swing.globals=true -Dcompose.application.resources.dir=/home/jarbear82/Documents/kotlin/CrypticTerminal/composeApp/build/compose/tmp/prepareAppResources -Dfile.encoding=UTF-8 -Duser.country=US -Duser.language=en -Duser.variant 
java_command: com.tau.cryptic_terminal.MainKt
java_class_path (initial): /home/jarbear82/Documents/kotlin/CrypticTerminal/composeApp/build/libs/composeApp-jvm.jar:/home/jarbear82/.gradle/caches/modules-2/files-2.1/org.jetbrains.compose.material3/material3-desktop/1.8.2/1f1f838506ceb2c25499517559f120517770b014/material3-desktop-1.8.2.jar:/home/jarbear82/.gradle/caches/modules-2/files-2.1/org.jetbrains.compose.components/components-resources-desktop/1.8.2/10110d785f486bc13235f40e1d0b91a48b5f3ee6/library-desktop-1.8.2.jar:/home/jarbear82/.gradle/caches/modules-2/files-2.1/org.jetbrains.compose.desktop/desktop-jvm/1.8.2/61be96a019ac35e8751b08b33856344a24586648/desktop-jvm-1.8.2.jar:/home/jarbear82/.gradle/caches/modules-2/files-2.1/org.jetbrains.compose.material/material-desktop/1.8.2/7aae6f749a060718d931957a27d495f26b2d4f37/material-desktop-1.8.2.jar:/home/jarbear82/.gradle/caches/modules-2/files-2.1/org.jetbrains.compose.material/material-ripple-desktop/1.8.2/5c9c96a95930f802de1b611fb610db4a0eff49cf/material-ripple-desktop-1.8.2.jar:/home/jarbear82/.gradle/caches/modules-2/files-2.1/org.jetbrains.compose.foundation/foundation-desktop/1.8.2/a251fa6042a2647206fb47795485a1ad07a69dd6/foundation-desktop-1.8.2.jar:/home/jarbear82/.gradle/caches/modules-2/files-2.1/org.jetbrains.androidx.lifecycle/lifecycle-viewmodel-compose-desktop/2.9.3/3db38ae3bd43a1072e3b47e3175d582740f5b0df/lifecycle-viewmodel-compose-desktop-2.9.3.jar:/home/jarbear82/.gradle/caches/modules-2/files-2.1/org.jetbrains.compose.animation/animation-desktop/1.8.2/84109f752086843a85325f8aeffa2302b312c948/animation-desktop-1.8.2.jar:/home/jarbear82/.gradle/caches/modules-2/files-2.1/org.jetbrains.compose.foundation/foundation-layout-desktop/1.8.2/726fa1c81f73f76e89383ada6d9b61fc71bcf07c/foundation-layout-desktop-1.8.2.jar:/home/jarbear82/.gradle/caches/modules-2/files-2.1/org.jetbrains.compose.animation/animation-core-desktop/1.8.2/ff4a236b5e86b2e12449ae75755048d1a2a99102/animation-core-desktop-1.8.2.jar:/home/jarbear82/.gradle/caches/modules-2/files-2.1/org.jetbrains.compose.ui/ui-desktop/1.8.2/703540d8fb0705482a06efcf765dcf8f2c1860ab/ui-desktop-1.8.2.jar:/home/jarbear82/.gradle/caches/modules-2/files-2.1/org.jetbrains.compose.ui/ui-backhandler-desktop/1.8.2/ea4812b145ca9acd8e773aaf645a03873c06b258/ui-backhandler-desktop-1.8.2.jar:/home/jarbear82/.gradle/caches/modules-2/files-2.1/org.jetbrains.androidx.lifecycle/lifecycle-runtime-compose-desktop/2.9.3/d5f410ad59a2cf2a77fa0bc6a80268e3136e00aa/lifecycle-runtime-compose-desktop-2.9.3.jar:/home/jarbear82/.gradle/caches/modules-2/files-2.1/org.jetbrains.compose.ui/ui-text-desktop/1.8.2/9db545dedb30354f4f9fedce25d58d804eecfbd2/ui-text-desktop-1.8.2.jar:/home/jarbear82/.gradle/caches/modules-2/files-2.1/org.jetbrains.compose.ui/ui-graphics-desktop/1.8.2/bca771ce391f6f410089f9b68e4af0c53996fcb6/ui-graphics-desktop-1.8.2.jar:/home/jarbear82/.gradle/caches/modules-2/files-2.1/org.jetbrains.compose.runtime/runtime-saveable-desktop/1.8.2/952c9bfa714b76d73d2cd872ced4d3b58a7dc7c/runtime-saveable-desktop-1.8.2.jar:/home/jarbear82/.gradle/caches/modules-2/files-2.1/org.jetbrains.compose.ui/ui-unit-desktop/1.8.2/65eee0086e59109657cc7a7ad7569e1be78f1a93/ui-unit-desktop-1.8.2.jar:/home/jarbear82/.gradle/caches/modules-2/files-2.1/org.jetbrains.compose.ui/ui-geometry-desktop/1.8.2/6301b97db2ec7ea140bf185f0712891cfa1f480d/ui-geometry-desktop-1.8.2.jar:/home/jarbear82/.gradle/caches/modules-2/files-2.1/org.jetbrains.compose.ui/ui-tooling-preview-desktop/1.8.2/7e1d509da90394d063aef5b444bf218024b13250/ui-tooling-preview-desktop-1.8.2.jar:/home/jarbear82/.gradle/caches/modules-2/files-2.1/org.jetbrains.compose.runtime/runtime-desktop/1.8.2/7a1668d4c5899a12dae59f4ecc805c3179333538/runtime-desktop-1.8.2.jar:/home/jarbear82/.gradle/caches/modules-2/files-2.1/org.jetbrains.skiko/skiko-awt-runtime-linux-x64/0.9.4.2/ebc9b6a9916089eaec8dcf175d53e232c1b0f080/skiko-awt-runtime-linux-x64-0.9.4.2.jar:/home/jarbear82/.gradle/caches/modules-2/files-2.1/org.jetbrains.skiko/skiko-awt/0.9.4.2/1c5d9ec55031cef90d7874c20f001b179a0f656c/skiko-awt-0.9.4.2.jar:/home/jarbear82/.gradle/caches/modules-2/files-2.1/androidx.lifecycle/lifecycle-runtime-desktop/2.9.2/1cc820319ec0139e76b8a2fe4be0b356b4e624c4/lifecycle-runtime-desktop-2.9.2.jar:/home/jarbear82/.gradle/caches/modules-2/files-2.1/androidx.lifecycle/lifecycle-viewmodel-savedstate-desktop/2.9.2/72a1919b08c5a4da224d8a65ce1589aa69934e8a/lifecycle-viewmodel-savedstate-desktop-2.9.2.jar:/home/jarbear82/.gradle/caches/modules-2/files-2.1/androidx.lifecycle/lifecycle-viewmodel-desktop/2.9.2/93fee6d78f0df0e38f36e0fa2eff74f8da6d5481/lifecycle-viewmodel-desktop-2.9.2.jar:/home/jarbear82/.gradle/caches/modules-2/files-2.1/androidx.savedstate/savedstate-desktop/1.3.1/1c5bfc3fb56614538528060a06f2c03e34fa5188/savedstate-desktop-1.3.1.jar:/home/jarbear82/.gradle/caches/modules-2/files-2.1/androidx.lifecycle/lifecycle-common-jvm/2.9.2/ab739bccdb3541983385af169565c7c035d897e7/lifecycle-common-jvm-2.9.2.jar:/home/jarbear82/.gradle/caches/modules-2/files-2.1/org.jetbrains.kotlinx/kotlinx-coroutines-core-jvm/1.10.2/4a9f78ef49483748e2c129f3d124b8fa249dafbf/kotlinx-coroutines-core-jvm-1.10.2.jar:/home/jarbear82/.gradle/caches/modules-2/files-2.1/org.jetbrains.kotlinx/kotlinx-coroutines-swing/1.10.2/ccb5a2e7c83fa76da0ba4677f05678d3bd3eed57/kotlinx-coroutines-swing-1.10.2.jar:/home/jarbear82/.gradle/caches/modules-2/files-2.1/org.jetbrains.compose.components/components-ui-tooling-preview-desktop/1.8.2/e684b52112f39c196cc4a311a193f55258719170/library-desktop-1.8.2.jar:/home/jarbear82/.gradle/caches/modules-2/files-2.1/org.jetbrains.compose.ui/ui-util-desktop/1.8.2/2a882d6cfc3d1228c1284ca34a2ebfc2b5ca3815/ui-util-desktop-1.8.2.jar:/home/jarbear82/.gradle/caches/modules-2/files-2.1/org.jetbrains.kotlin/kotlin-stdlib-jdk8/2.1.21/fb62497994f5cfa4ad41fcff05020c35976307c6/kotlin-stdlib-jdk8-2.1.21.jar:/home/jarbear82/.gradle/caches/modules-2/files-2.1/org.jetbrains.kotlinx/atomicfu-jvm/0.23.2/a4601dc42dceb031a586058e8356ff778a57dea0/atomicfu-jvm-0.23.2.jar:/home/jarbear82/.gradle/caches/modules-2/files-2.1/org.jetbrains.kotlinx/kotlinx-datetime-jvm/0.6.0/a6362032556c0fa4a06be6105a21e944f120fd2d/kotlinx-datetime-jvm-0.6.0.jar:/home/jarbear82/.gradle/caches/modules-2/files-2.1/androidx.collection/collection-jvm/1.5.0/7ba2c69414d46ebc2dd76598bdd0a75c54281a57/collection-jvm-1.5.0.jar:/home/jarbear82/.gradle/caches/modules-2/files-2.1/androidx.arch.core/core-common/2.2.0/5e1b8b81dfd5f52c56a8d53b18ca759c19a301f3/core-common-2.2.0.jar:/home/jarbear82/.gradle/caches/modules-2/files-2.1/androidx.annotation/annotation-jvm/1.9.1/b17951747e38bf3986a24431b9ba0d039958aa5f/annotation-jvm-1.9.1.jar:/home/jarbear82/.gradle/caches/modules-2/files-2.1/org.jetbrains.kotlinx/kotlinx-serialization-core-jvm/1.7.3/1f226780b845ff9206474c05159245d861556249/kotlinx-serialization-core-jvm-1.7.3.jar:/home/jarbear82/.gradle/caches/modules-2/files-2.1/org.jetbrains.kotlin/kotlin-stdlib-jdk7/2.1.21/f5e72fe5f9501e0d27ec633beb3996c29641b877/kotlin-stdlib-jdk7-2.1.21.jar:/home/jarbear82/.gradle/caches/modules-2/files-2.1/org.jetbrains.kotlin/kotlin-stdlib/2.2.10/30de6faa127a4a012db8e71bf1b9c0a99b1402b2/kotlin-stdlib-2.2.10.jar:/home/jarbear82/.gradle/caches/modules-2/files-2.1/com.kuzudb/kuzu/0.11.2/312d44016b7cbce21f0583f67e4ea4ee57abd025/kuzu-0.11.2.jar:/home/jarbear82/.gradle/caches/modules-2/files-2.1/org.jetbrains/annotations/23.0.0/8cc20c07506ec18e0834947b84a864bfc094484e/annotations-23.0.0.jar:/home/jarbear82/.gradle/caches/modules-2/files-2.1/org.jspecify/jspecify/1.0.0/7425a601c1c7ec76645a78d22b8c6a627edee507/jspecify-1.0.0.jar
Launcher Type: SUN_STANDARD

[Global flags]
     intx CICompilerCount                          = 4                                         {product} {ergonomic}
     uint ConcGCThreads                            = 2                                         {product} {ergonomic}
     uint G1ConcRefinementThreads                  = 8                                         {product} {ergonomic}
   size_t G1HeapRegionSize                         = 2097152                                   {product} {ergonomic}
    uintx GCDrainStackTargetSize                   = 64                                        {product} {ergonomic}
   size_t InitialHeapSize                          = 260046848                                 {product} {ergonomic}
   size_t MarkStackSize                            = 4194304                                   {product} {ergonomic}
   size_t MaxHeapSize                              = 4150263808                                {product} {ergonomic}
   size_t MaxNewSize                               = 2489319424                                {product} {ergonomic}
   size_t MinHeapDeltaBytes                        = 2097152                                   {product} {ergonomic}
   size_t MinHeapSize                              = 8388608                                   {product} {ergonomic}
    uintx NonNMethodCodeHeapSize                   = 5839372                                {pd product} {ergonomic}
    uintx NonProfiledCodeHeapSize                  = 122909434                              {pd product} {ergonomic}
    uintx ProfiledCodeHeapSize                     = 122909434                              {pd product} {ergonomic}
    uintx ReservedCodeCacheSize                    = 251658240                              {pd product} {ergonomic}
     bool SegmentedCodeCache                       = true                                      {product} {ergonomic}
   size_t SoftMaxHeapSize                          = 4150263808                             {manageable} {ergonomic}
     bool UseCompressedOops                        = true                           {product lp64_product} {ergonomic}
     bool UseG1GC                                  = true                                      {product} {ergonomic}

Logging:
Log output configuration:
 #0: stdout all=warning uptime,level,tags foldmultilines=false
 #1: stderr all=off uptime,level,tags foldmultilines=false

Environment Variables:
PATH=/home/jarbear82/.nvm/versions/node/v24.4.1/bin:/home/jarbear82/.local/bin:/usr/local/bin:/usr/bin:/usr/local/sbin:/usr/lib/jvm/default/bin:/usr/bin/site_perl:/usr/bin/vendor_perl:/usr/bin/core_perl:/home/jarbear82/zig14
USERNAME=jarbear82
SHELL=/bin/zsh
DISPLAY=:0
LANG=en_US.UTF-8
LC_NUMERIC=en_US.UTF-8
LC_TIME=en_US.UTF-8
TERM=xterm-256color

Active Locale:
LC_ALL=en_US.UTF-8
LC_COLLATE=en_US.UTF-8
LC_CTYPE=en_US.UTF-8
LC_MESSAGES=en_US.UTF-8
LC_MONETARY=en_US.UTF-8
LC_NUMERIC=en_US.UTF-8
LC_TIME=en_US.UTF-8

Signal Handlers:
   SIGSEGV: 0x00007f414d409350 in libjvm.so+14717776, mask=11100100010111111101111111111110, flags=SA_RESTART|SA_SIGINFO, unblocked
    SIGBUS: 0x00007f414d409350 in libjvm.so+14717776, mask=11100100010111111101111111111110, flags=SA_RESTART|SA_SIGINFO, unblocked
    SIGFPE: 0x00007f414d409350 in libjvm.so+14717776, mask=11100100010111111101111111111110, flags=SA_RESTART|SA_SIGINFO, unblocked
   SIGPIPE: 0x00007f414d262120 in libjvm.so+12984608, mask=11100100010111111101111111111110, flags=SA_RESTART|SA_SIGINFO, blocked
   SIGXFSZ: 0x00007f414d262120 in libjvm.so+12984608, mask=11100100010111111101111111111110, flags=SA_RESTART|SA_SIGINFO, blocked
    SIGILL: 0x00007f414d409350 in libjvm.so+14717776, mask=11100100010111111101111111111110, flags=SA_RESTART|SA_SIGINFO, unblocked
   SIGUSR2: 0x00007f414d263a40 in libjvm.so+12991040, mask=00000000000000000000000000000000, flags=SA_RESTART|SA_SIGINFO, blocked
    SIGHUP: 0x00007f414d261480 in libjvm.so+12981376, mask=11100100010111111101111111111110, flags=SA_RESTART|SA_SIGINFO, blocked
    SIGINT: 0x00007f414d261480 in libjvm.so+12981376, mask=11100100010111111101111111111110, flags=SA_RESTART|SA_SIGINFO, blocked
   SIGTERM: 0x00007f414d261480 in libjvm.so+12981376, mask=11100100010111111101111111111110, flags=SA_RESTART|SA_SIGINFO, blocked
   SIGQUIT: 0x00007f414d261480 in libjvm.so+12981376, mask=11100100010111111101111111111110, flags=SA_RESTART|SA_SIGINFO, blocked
   SIGTRAP: 0x00007f414d409350 in libjvm.so+14717776, mask=11100100010111111101111111111110, flags=SA_RESTART|SA_SIGINFO, unblocked


Periodic native trim disabled

---------------  S Y S T E M  ---------------

OS:
DISTRIB_ID="ManjaroLinux"
DISTRIB_RELEASE="25.0.8"
DISTRIB_CODENAME="Zetar"
DISTRIB_DESCRIPTION="Manjaro Linux"
uname: Linux 6.15.3-arch1-2-surface #1 SMP PREEMPT_DYNAMIC Tue, 24 Jun 2025 19:37:34 +0000 x86_64
OS uptime: 0 days 3:27 hours
libc: glibc 2.42 NPTL 2.42 
rlimit (soft/hard): STACK 8192k/infinity , CORE infinity/infinity , NPROC 62237/62237 , NOFILE 524288/524288 , AS infinity/infinity , CPU infinity/infinity , DATA infinity/infinity , FSIZE infinity/infinity , MEMLOCK 8192k/8192k
load average: 2.86 2.48 1.86

/proc/meminfo:
MemTotal:       16211944 kB
MemFree:          414392 kB
MemAvailable:    7034568 kB
Buffers:            1740 kB
Cached:          8211276 kB
SwapCached:            0 kB
Active:          8648932 kB
Inactive:        4571212 kB
Active(anon):    6392504 kB
Inactive(anon):        0 kB
Active(file):    2256428 kB
Inactive(file):  4571212 kB
Unevictable:     2042684 kB
Mlocked:              16 kB
SwapTotal:             0 kB
SwapFree:              0 kB
Zswap:                 0 kB
Zswapped:              0 kB
Dirty:              6024 kB
Writeback:             0 kB
AnonPages:       6844292 kB
Mapped:          1916464 kB
Shmem:           2188616 kB
KReclaimable:      98652 kB
Slab:             254872 kB
SReclaimable:      98652 kB
SUnreclaim:       156220 kB
KernelStack:       22464 kB
PageTables:        48088 kB
SecPageTables:      5184 kB
NFS_Unstable:          0 kB
Bounce:                0 kB
WritebackTmp:          0 kB
CommitLimit:     8105972 kB
Committed_AS:   17040484 kB
VmallocTotal:   34359738367 kB
VmallocUsed:       59764 kB
VmallocChunk:          0 kB
Percpu:             6400 kB
HardwareCorrupted:     0 kB
AnonHugePages:   3520512 kB
ShmemHugePages:        0 kB
ShmemPmdMapped:        0 kB
FileHugePages:   1865728 kB
FilePmdMapped:    833536 kB
CmaTotal:              0 kB
CmaFree:               0 kB
Unaccepted:            0 kB
Balloon:               0 kB
HugePages_Total:       0
HugePages_Free:        0
HugePages_Rsvd:        0
HugePages_Surp:        0
Hugepagesize:       2048 kB
Hugetlb:               0 kB
DirectMap4k:      205232 kB
DirectMap2M:     5916672 kB
DirectMap1G:    10485760 kB

/sys/kernel/mm/transparent_hugepage/enabled: [always] madvise never
/sys/kernel/mm/transparent_hugepage/hpage_pmd_size: 2097152
/sys/kernel/mm/transparent_hugepage/defrag (defrag/compaction efforts parameter): always defer defer+madvise [madvise] never

Process Memory:
Virtual Size: 8610614508K (peak: 8610675776K)
Resident Set Size: 106676K (peak: 106676K) (anon: 71024K, file: 26212K, shmem: 9440K)
Swapped out: 0K
C-Heap outstanding allocations: 55918K, retained: 3905K
glibc malloc tunables: (default)

/proc/sys/kernel/threads-max (system-wide limit on the number of threads): 124474
/proc/sys/vm/max_map_count (maximum number of memory map areas a process may have): 1048576
/proc/sys/vm/swappiness (control to define how aggressively the kernel swaps out anonymous memory): 60
/proc/sys/kernel/pid_max (system-wide limit on number of process identifiers): 4194304

container information not found.
Steal ticks since vm start: 0
Steal ticks percentage since vm start:  0.000

CPU: total 8 (initial active 8) (4 cores per cpu, 2 threads per core) family 6 model 140 stepping 1 microcode 0xbc, cx8, cmov, fxsr, ht, mmx, 3dnowpref, sse, sse2, sse3, ssse3, sse4.1, sse4.2, popcnt, lzcnt, tsc, tscinvbit, avx, avx2, aes, erms, clmul, bmi1, bmi2, adx, avx512f, avx512dq, avx512cd, avx512bw, avx512vl, sha, fma, vzeroupper, avx512_vpopcntdq, avx512_vpclmulqdq, avx512_vaes, avx512_vnni, clflush, clflushopt, clwb, avx512_vbmi2, avx512_vbmi, rdtscp, rdpid, fsrm, gfni, avx512_bitalg, f16c, pku, ospke, cet_ibt, cet_ss, avx512_ifma
CPU Model and flags from /proc/cpuinfo:
model name	: 11th Gen Intel(R) Core(TM) i5-1135G7 @ 2.40GHz
flags		: fpu vme de pse tsc msr pae mce cx8 apic sep mtrr pge mca cmov pat pse36 clflush dts acpi mmx fxsr sse sse2 ss ht tm pbe syscall nx pdpe1gb rdtscp lm constant_tsc art arch_perfmon pebs bts rep_good nopl xtopology nonstop_tsc cpuid aperfmperf tsc_known_freq pni pclmulqdq dtes64 monitor ds_cpl vmx est tm2 ssse3 sdbg fma cx16 xtpr pdcm pcid sse4_1 sse4_2 x2apic movbe popcnt tsc_deadline_timer aes xsave avx f16c rdrand lahf_lm abm 3dnowprefetch cpuid_fault epb cat_l2 cdp_l2 ssbd ibrs ibpb stibp ibrs_enhanced tpr_shadow flexpriority ept vpid ept_ad fsgsbase tsc_adjust bmi1 avx2 smep bmi2 erms invpcid rdt_a avx512f avx512dq rdseed adx smap avx512ifma clflushopt clwb intel_pt avx512cd sha_ni avx512bw avx512vl xsaveopt xsavec xgetbv1 xsaves split_lock_detect user_shstk dtherm ida arat pln pts hwp hwp_notify hwp_act_window hwp_epp hwp_pkg_req vnmi avx512vbmi umip pku ospke avx512_vbmi2 gfni vaes vpclmulqdq avx512_vnni avx512_bitalg avx512_vpopcntdq rdpid movdiri movdir64b fsrm avx512_vp2intersect md_clear ibt flush_l1d arch_capabilities

Online cpus: 0-7
Offline cpus: 
BIOS frequency limitation: <Not Available>
Frequency switch latency (ns): 0
Available cpu frequencies: <Not Available>
Current governor: powersave
Core performance/turbo boost: <Not Available>

Memory: 4k page, physical 16211944k(7034568k free), swap 0k(0k free)
Page Sizes: 4k

vm_info: OpenJDK 64-Bit Server VM (21.0.8+9) for linux-amd64 JRE (21.0.8+9), built on 2025-07-16T09:45:03Z by "builduser" with gcc 15.1.1 20250425

END.
